<?xml version="1.0" encoding="UTF-8"?>
<coverage generated="1767740066674" clover="3.2.0">
  <project timestamp="1767740066674" name="All files">
    <metrics statements="550" coveredstatements="466" conditionals="313" coveredconditionals="233" methods="154" coveredmethods="122" elements="1017" coveredelements="821" complexity="0" loc="550" ncloc="550" packages="1" files="18" classes="18"/>
    <file name="BotaoAplicarTodasRegras.tsx" path="/home/vitor/Documents/financas-front/src/components/BotaoAplicarTodasRegras.tsx">
      <metrics statements="16" coveredstatements="16" conditionals="1" coveredconditionals="1" methods="5" coveredmethods="5"/>
      <line num="3" count="1" type="stmt"/>
      <line num="4" count="1" type="stmt"/>
      <line num="5" count="1" type="stmt"/>
      <line num="6" count="1" type="stmt"/>
      <line num="8" count="10" type="stmt"/>
      <line num="9" count="29" type="stmt"/>
      <line num="10" count="29" type="stmt"/>
      <line num="12" count="29" type="stmt"/>
      <line num="13" count="4" type="stmt"/>
      <line num="14" count="4" type="stmt"/>
      <line num="15" count="4" type="stmt"/>
      <line num="16" count="3" type="stmt"/>
      <line num="17" count="3" type="stmt"/>
      <line num="19" count="1" type="stmt"/>
      <line num="27" count="7" type="stmt"/>
      <line num="38" count="1" type="stmt"/>
    </file>
    <file name="BotaoVoltar.tsx" path="/home/vitor/Documents/financas-front/src/components/BotaoVoltar.tsx">
      <metrics statements="21" coveredstatements="21" conditionals="16" coveredconditionals="16" methods="1" coveredmethods="1"/>
      <line num="3" count="1" type="stmt"/>
      <line num="4" count="1" type="stmt"/>
      <line num="11" count="9" type="stmt"/>
      <line num="15" count="9" type="stmt"/>
      <line num="18" count="9" type="cond" truecount="2" falsecount="0"/>
      <line num="21" count="9" type="stmt"/>
      <line num="22" count="9" type="cond" truecount="2" falsecount="0"/>
      <line num="23" count="2" type="stmt"/>
      <line num="25" count="9" type="cond" truecount="2" falsecount="0"/>
      <line num="26" count="1" type="stmt"/>
      <line num="28" count="9" type="cond" truecount="2" falsecount="0"/>
      <line num="29" count="1" type="stmt"/>
      <line num="33" count="9" type="stmt"/>
      <line num="35" count="9" type="cond" truecount="2" falsecount="0"/>
      <line num="36" count="1" type="stmt"/>
      <line num="37" count="8" type="cond" truecount="2" falsecount="0"/>
      <line num="39" count="1" type="stmt"/>
      <line num="40" count="1" type="stmt"/>
      <line num="44" count="9" type="stmt"/>
      <line num="45" count="9" type="cond" truecount="2" falsecount="0"/>
      <line num="46" count="2" type="stmt"/>
    </file>
    <file name="BotoesAcaoTransacao.tsx" path="/home/vitor/Documents/financas-front/src/components/BotoesAcaoTransacao.tsx">
      <metrics statements="90" coveredstatements="86" conditionals="27" coveredconditionals="18" methods="20" coveredmethods="16"/>
      <line num="3" count="2" type="stmt"/>
      <line num="4" count="2" type="stmt"/>
      <line num="5" count="2" type="stmt"/>
      <line num="6" count="2" type="stmt"/>
      <line num="7" count="2" type="stmt"/>
      <line num="8" count="2" type="stmt"/>
      <line num="9" count="2" type="stmt"/>
      <line num="10" count="2" type="stmt"/>
      <line num="11" count="2" type="stmt"/>
      <line num="18" count="32" type="stmt"/>
      <line num="19" count="101" type="stmt"/>
      <line num="20" count="101" type="stmt"/>
      <line num="21" count="101" type="stmt"/>
      <line num="22" count="101" type="stmt"/>
      <line num="23" count="101" type="stmt"/>
      <line num="25" count="101" type="stmt"/>
      <line num="26" count="6" type="stmt"/>
      <line num="27" count="6" type="stmt"/>
      <line num="28" count="6" type="stmt"/>
      <line num="31" count="5" type="cond" truecount="2" falsecount="0"/>
      <line num="32" count="4" type="cond" truecount="1" falsecount="1"/>
      <line num="36" count="4" type="stmt"/>
      <line num="44" count="4" type="stmt"/>
      <line num="45" count="4" type="stmt"/>
      <line num="48" count="4" type="stmt"/>
      <line num="50" count="1" type="stmt"/>
      <line num="51" count="1" type="stmt"/>
      <line num="54" count="1" type="stmt"/>
      <line num="55" count="1" type="stmt"/>
      <line num="60" count="101" type="stmt"/>
      <line num="61" count="2" type="cond" truecount="1" falsecount="1"/>
      <line num="63" count="2" type="stmt"/>
      <line num="64" count="2" type="stmt"/>
      <line num="65" count="2" type="stmt"/>
      <line num="66" count="1" type="stmt"/>
      <line num="67" count="1" type="stmt"/>
      <line num="69" count="1" type="stmt"/>
      <line num="70" count="1" type="stmt"/>
      <line num="71" count="1" type="stmt"/>
      <line num="76" count="101" type="stmt"/>
      <line num="80" count="3" type="stmt"/>
      <line num="81" count="3" type="stmt"/>
      <line num="82" count="3" type="stmt"/>
      <line num="85" count="2" type="cond" truecount="2" falsecount="0"/>
      <line num="86" count="1" type="cond" truecount="1" falsecount="1"/>
      <line num="90" count="1" type="stmt"/>
      <line num="98" count="1" type="stmt"/>
      <line num="99" count="1" type="stmt"/>
      <line num="102" count="1" type="stmt"/>
      <line num="104" count="1" type="stmt"/>
      <line num="105" count="1" type="stmt"/>
      <line num="108" count="1" type="stmt"/>
      <line num="109" count="1" type="stmt"/>
      <line num="114" count="101" type="stmt"/>
      <line num="115" count="2" type="stmt"/>
      <line num="116" count="2" type="stmt"/>
      <line num="117" count="2" type="stmt"/>
      <line num="118" count="1" type="stmt"/>
      <line num="119" count="1" type="stmt"/>
      <line num="121" count="1" type="stmt"/>
      <line num="122" count="1" type="stmt"/>
      <line num="127" count="101" type="stmt"/>
      <line num="131" count="3" type="stmt"/>
      <line num="132" count="3" type="stmt"/>
      <line num="134" count="3" type="stmt"/>
      <line num="135" count="4" type="stmt"/>
      <line num="139" count="2" type="cond" truecount="2" falsecount="0"/>
      <line num="140" count="1" type="cond" truecount="1" falsecount="1"/>
      <line num="144" count="1" type="stmt"/>
      <line num="153" count="1" type="stmt"/>
      <line num="154" count="1" type="stmt"/>
      <line num="155" count="1" type="stmt"/>
      <line num="157" count="1" type="stmt"/>
      <line num="158" count="1" type="stmt"/>
      <line num="161" count="1" type="stmt"/>
      <line num="162" count="1" type="stmt"/>
      <line num="167" count="101" type="stmt"/>
      <line num="168" count="2" type="stmt"/>
      <line num="169" count="2" type="stmt"/>
      <line num="170" count="2" type="stmt"/>
      <line num="171" count="1" type="stmt"/>
      <line num="173" count="1" type="stmt"/>
      <line num="174" count="1" type="stmt"/>
      <line num="185" count="8" type="stmt"/>
      <line num="192" count="7" type="stmt"/>
      <line num="199" count="6" type="stmt"/>
      <line num="211" count="0" type="stmt"/>
      <line num="220" count="0" type="stmt"/>
      <line num="232" count="0" type="stmt"/>
      <line num="249" count="0" type="stmt"/>
    </file>
    <file name="CategoriaItem.tsx" path="/home/vitor/Documents/financas-front/src/components/CategoriaItem.tsx">
      <metrics statements="3" coveredstatements="3" conditionals="5" coveredconditionals="5" methods="2" coveredmethods="2"/>
      <line num="10" count="10" type="stmt"/>
      <line num="11" count="10" type="stmt"/>
      <line num="12" count="10" type="stmt"/>
    </file>
    <file name="ConfigLoader.tsx" path="/home/vitor/Documents/financas-front/src/components/ConfigLoader.tsx">
      <metrics statements="19" coveredstatements="19" conditionals="8" coveredconditionals="7" methods="2" coveredmethods="2"/>
      <line num="3" count="1" type="stmt"/>
      <line num="4" count="1" type="stmt"/>
      <line num="15" count="9" type="stmt"/>
      <line num="16" count="9" type="stmt"/>
      <line num="17" count="9" type="stmt"/>
      <line num="18" count="9" type="stmt"/>
      <line num="20" count="9" type="stmt"/>
      <line num="21" count="9" type="stmt"/>
      <line num="22" count="9" type="stmt"/>
      <line num="25" count="9" type="cond" truecount="2" falsecount="0"/>
      <line num="26" count="8" type="stmt"/>
      <line num="27" count="8" type="stmt"/>
      <line num="31" count="9" type="cond" truecount="2" falsecount="0"/>
      <line num="32" count="8" type="stmt"/>
      <line num="33" count="8" type="stmt"/>
      <line num="37" count="9" type="cond" truecount="2" falsecount="0"/>
      <line num="38" count="8" type="cond" truecount="1" falsecount="1"/>
      <line num="39" count="8" type="stmt"/>
      <line num="43" count="9" type="stmt"/>
    </file>
    <file name="DropdownAdicionarTag.tsx" path="/home/vitor/Documents/financas-front/src/components/DropdownAdicionarTag.tsx">
      <metrics statements="15" coveredstatements="15" conditionals="3" coveredconditionals="2" methods="6" coveredmethods="6"/>
      <line num="3" count="1" type="stmt"/>
      <line num="4" count="1" type="stmt"/>
      <line num="6" count="1" type="stmt"/>
      <line num="13" count="9" type="stmt"/>
      <line num="17" count="24" type="stmt"/>
      <line num="18" count="24" type="stmt"/>
      <line num="21" count="3" type="stmt"/>
      <line num="22" count="3" type="stmt"/>
      <line num="23" count="3" type="stmt"/>
      <line num="24" count="1" type="stmt"/>
      <line num="26" count="1" type="stmt"/>
      <line num="27" count="1" type="stmt"/>
      <line num="36" count="8" type="stmt"/>
      <line num="47" count="36" type="stmt"/>
      <line num="50" count="3" type="stmt"/>
    </file>
    <file name="FiltroTags.tsx" path="/home/vitor/Documents/financas-front/src/components/FiltroTags.tsx">
      <metrics statements="34" coveredstatements="33" conditionals="20" coveredconditionals="19" methods="11" coveredmethods="11"/>
      <line num="3" count="1" type="stmt"/>
      <line num="4" count="1" type="stmt"/>
      <line num="5" count="1" type="stmt"/>
      <line num="8" count="14" type="stmt"/>
      <line num="9" count="40" type="stmt"/>
      <line num="10" count="40" type="stmt"/>
      <line num="11" count="40" type="stmt"/>
      <line num="12" count="40" type="stmt"/>
      <line num="14" count="40" type="stmt"/>
      <line num="15" count="14" type="stmt"/>
      <line num="18" count="14" type="stmt"/>
      <line num="19" count="14" type="cond" truecount="2" falsecount="0"/>
      <line num="20" count="10" type="stmt"/>
      <line num="21" count="6" type="stmt"/>
      <line num="26" count="14" type="stmt"/>
      <line num="27" count="14" type="stmt"/>
      <line num="28" count="14" type="stmt"/>
      <line num="30" count="0" type="stmt"/>
      <line num="35" count="5" type="cond" truecount="2" falsecount="0"/>
      <line num="36" count="2" type="stmt"/>
      <line num="39" count="5" type="stmt"/>
      <line num="40" count="5" type="stmt"/>
      <line num="44" count="1" type="stmt"/>
      <line num="45" count="1" type="stmt"/>
      <line num="49" count="6" type="stmt"/>
      <line num="51" count="6" type="cond" truecount="2" falsecount="0"/>
      <line num="52" count="5" type="stmt"/>
      <line num="54" count="1" type="stmt"/>
      <line num="57" count="6" type="stmt"/>
      <line num="60" count="40" type="cond" truecount="2" falsecount="0"/>
      <line num="61" count="21" type="stmt"/>
      <line num="79" count="57" type="stmt"/>
      <line num="80" count="57" type="stmt"/>
      <line num="83" count="5" type="stmt"/>
    </file>
    <file name="FiltrosPeriodo.tsx" path="/home/vitor/Documents/financas-front/src/components/FiltrosPeriodo.tsx">
      <metrics statements="15" coveredstatements="15" conditionals="8" coveredconditionals="8" methods="3" coveredmethods="3"/>
      <line num="3" count="1" type="stmt"/>
      <line num="4" count="1" type="stmt"/>
      <line num="6" count="9" type="stmt"/>
      <line num="7" count="9" type="stmt"/>
      <line num="8" count="9" type="stmt"/>
      <line num="11" count="9" type="cond" truecount="2" falsecount="0"/>
      <line num="13" count="9" type="cond" truecount="2" falsecount="0"/>
      <line num="14" count="9" type="cond" truecount="2" falsecount="0"/>
      <line num="16" count="9" type="stmt"/>
      <line num="17" count="9" type="stmt"/>
      <line num="19" count="9" type="stmt"/>
      <line num="20" count="2" type="stmt"/>
      <line num="21" count="2" type="stmt"/>
      <line num="22" count="2" type="stmt"/>
      <line num="36" count="2" type="stmt"/>
    </file>
    <file name="FormularioConfiguracoes.tsx" path="/home/vitor/Documents/financas-front/src/components/FormularioConfiguracoes.tsx">
      <metrics statements="32" coveredstatements="32" conditionals="8" coveredconditionals="6" methods="7" coveredmethods="7"/>
      <line num="3" count="1" type="stmt"/>
      <line num="4" count="1" type="stmt"/>
      <line num="5" count="1" type="stmt"/>
      <line num="6" count="1" type="stmt"/>
      <line num="7" count="1" type="stmt"/>
      <line num="14" count="13" type="stmt"/>
      <line num="18" count="29" type="stmt"/>
      <line num="19" count="29" type="stmt"/>
      <line num="20" count="29" type="stmt"/>
      <line num="21" count="29" type="stmt"/>
      <line num="24" count="3" type="stmt"/>
      <line num="25" count="3" type="stmt"/>
      <line num="26" count="3" type="stmt"/>
      <line num="28" count="3" type="stmt"/>
      <line num="29" count="3" type="stmt"/>
      <line num="30" count="3" type="stmt"/>
      <line num="31" count="2" type="stmt"/>
      <line num="32" count="2" type="stmt"/>
      <line num="34" count="1" type="stmt"/>
      <line num="35" count="1" type="cond" truecount="1" falsecount="1"/>
      <line num="41" count="3" type="stmt"/>
      <line num="42" count="3" type="stmt"/>
      <line num="43" count="3" type="stmt"/>
      <line num="45" count="3" type="stmt"/>
      <line num="46" count="3" type="stmt"/>
      <line num="47" count="3" type="stmt"/>
      <line num="48" count="2" type="stmt"/>
      <line num="49" count="2" type="stmt"/>
      <line num="51" count="1" type="stmt"/>
      <line num="52" count="1" type="cond" truecount="1" falsecount="1"/>
      <line num="58" count="812" type="stmt"/>
      <line num="84" count="812" type="stmt"/>
    </file>
    <file name="FormularioNovaTag.tsx" path="/home/vitor/Documents/financas-front/src/components/FormularioNovaTag.tsx">
      <metrics statements="17" coveredstatements="15" conditionals="5" coveredconditionals="5" methods="4" coveredmethods="4"/>
      <line num="3" count="1" type="stmt"/>
      <line num="4" count="1" type="stmt"/>
      <line num="5" count="1" type="stmt"/>
      <line num="7" count="10" type="stmt"/>
      <line num="8" count="23" type="stmt"/>
      <line num="9" count="23" type="stmt"/>
      <line num="12" count="2" type="stmt"/>
      <line num="14" count="2" type="stmt"/>
      <line num="15" count="2" type="stmt"/>
      <line num="17" count="2" type="stmt"/>
      <line num="18" count="2" type="stmt"/>
      <line num="19" count="2" type="stmt"/>
      <line num="20" count="0" type="stmt"/>
      <line num="21" count="0" type="stmt"/>
      <line num="23" count="2" type="stmt"/>
      <line num="24" count="2" type="stmt"/>
      <line num="33" count="9" type="stmt"/>
    </file>
    <file name="ListaRegras.tsx" path="/home/vitor/Documents/financas-front/src/components/ListaRegras.tsx">
      <metrics statements="71" coveredstatements="61" conditionals="25" coveredconditionals="22" methods="23" coveredmethods="21"/>
      <line num="3" count="1" type="stmt"/>
      <line num="4" count="1" type="stmt"/>
      <line num="5" count="1" type="stmt"/>
      <line num="11" count="1" type="stmt"/>
      <line num="12" count="1" type="stmt"/>
      <line num="18" count="23" type="stmt"/>
      <line num="19" count="53" type="stmt"/>
      <line num="20" count="53" type="stmt"/>
      <line num="21" count="53" type="stmt"/>
      <line num="22" count="53" type="stmt"/>
      <line num="23" count="53" type="stmt"/>
      <line num="25" count="53" type="stmt"/>
      <line num="26" count="1" type="stmt"/>
      <line num="27" count="1" type="stmt"/>
      <line num="28" count="1" type="stmt"/>
      <line num="30" count="0" type="stmt"/>
      <line num="35" count="53" type="stmt"/>
      <line num="36" count="1" type="stmt"/>
      <line num="37" count="1" type="stmt"/>
      <line num="38" count="1" type="stmt"/>
      <line num="39" count="1" type="stmt"/>
      <line num="41" count="0" type="stmt"/>
      <line num="42" count="0" type="stmt"/>
      <line num="47" count="53" type="stmt"/>
      <line num="48" count="3" type="stmt"/>
      <line num="49" count="3" type="stmt"/>
      <line num="50" count="3" type="stmt"/>
      <line num="51" count="2" type="stmt"/>
      <line num="52" count="2" type="stmt"/>
      <line num="54" count="1" type="stmt"/>
      <line num="55" count="1" type="stmt"/>
      <line num="60" count="53" type="stmt"/>
      <line num="61" count="2" type="stmt"/>
      <line num="62" count="2" type="cond" truecount="4" falsecount="0"/>
      <line num="63" count="1" type="stmt"/>
      <line num="64" count="1" type="stmt"/>
      <line num="67" count="1" type="stmt"/>
      <line num="68" count="1" type="stmt"/>
      <line num="69" count="1" type="stmt"/>
      <line num="70" count="1" type="stmt"/>
      <line num="71" count="1" type="stmt"/>
      <line num="73" count="0" type="stmt"/>
      <line num="78" count="53" type="stmt"/>
      <line num="79" count="55" type="cond" truecount="2" falsecount="2"/>
      <line num="81" count="0" type="stmt"/>
      <line num="83" count="49" type="stmt"/>
      <line num="85" count="6" type="stmt"/>
      <line num="87" count="0" type="stmt"/>
      <line num="91" count="53" type="stmt"/>
      <line num="92" count="55" type="cond" truecount="3" falsecount="1"/>
      <line num="94" count="48" type="stmt"/>
      <line num="96" count="6" type="stmt"/>
      <line num="97" count="6" type="stmt"/>
      <line num="98" count="6" type="stmt"/>
      <line num="100" count="0" type="stmt"/>
      <line num="103" count="1" type="stmt"/>
      <line num="105" count="0" type="stmt"/>
      <line num="113" count="55" type="stmt"/>
      <line num="156" count="2" type="stmt"/>
      <line num="161" count="2" type="stmt"/>
      <line num="169" count="1" type="stmt"/>
      <line num="170" count="1" type="stmt"/>
      <line num="183" count="4" type="stmt"/>
      <line num="184" count="4" type="stmt"/>
      <line num="199" count="1" type="stmt"/>
      <line num="210" count="4" type="stmt"/>
      <line num="217" count="2" type="stmt"/>
      <line num="234" count="1" type="stmt"/>
      <line num="235" count="0" type="stmt"/>
      <line num="246" count="3" type="stmt"/>
      <line num="247" count="0" type="stmt"/>
    </file>
    <file name="ListaTags.tsx" path="/home/vitor/Documents/financas-front/src/components/ListaTags.tsx">
      <metrics statements="18" coveredstatements="15" conditionals="7" coveredconditionals="5" methods="6" coveredmethods="6"/>
      <line num="3" count="1" type="stmt"/>
      <line num="4" count="1" type="stmt"/>
      <line num="5" count="1" type="stmt"/>
      <line num="7" count="1" type="stmt"/>
      <line num="13" count="11" type="stmt"/>
      <line num="14" count="20" type="stmt"/>
      <line num="15" count="20" type="stmt"/>
      <line num="18" count="1" type="cond" truecount="1" falsecount="1"/>
      <line num="20" count="1" type="stmt"/>
      <line num="21" count="1" type="stmt"/>
      <line num="22" count="1" type="stmt"/>
      <line num="23" count="1" type="stmt"/>
      <line num="25" count="0" type="stmt"/>
      <line num="26" count="0" type="stmt"/>
      <line num="27" count="0" type="stmt"/>
      <line num="42" count="57" type="stmt"/>
      <line num="59" count="5" type="stmt"/>
      <line num="76" count="1" type="stmt"/>
    </file>
    <file name="ModalConfirmacao.tsx" path="/home/vitor/Documents/financas-front/src/components/ModalConfirmacao.tsx">
      <metrics statements="6" coveredstatements="6" conditionals="10" coveredconditionals="10" methods="2" coveredmethods="2"/>
      <line num="14" count="58" type="stmt"/>
      <line num="24" count="58" type="stmt"/>
      <line num="25" count="17" type="cond" truecount="4" falsecount="0"/>
      <line num="26" count="1" type="stmt"/>
      <line num="30" count="58" type="stmt"/>
      <line num="51" count="58" type="stmt"/>
    </file>
    <file name="ModalEditarCategoria.tsx" path="/home/vitor/Documents/financas-front/src/components/ModalEditarCategoria.tsx">
      <metrics statements="57" coveredstatements="43" conditionals="45" coveredconditionals="36" methods="17" coveredmethods="9"/>
      <line num="3" count="2" type="stmt"/>
      <line num="4" count="2" type="stmt"/>
      <line num="5" count="2" type="stmt"/>
      <line num="6" count="2" type="stmt"/>
      <line num="17" count="30" type="stmt"/>
      <line num="25" count="46" type="stmt"/>
      <line num="26" count="46" type="stmt"/>
      <line num="27" count="46" type="stmt"/>
      <line num="28" count="46" type="stmt"/>
      <line num="29" count="46" type="stmt"/>
      <line num="30" count="46" type="stmt"/>
      <line num="31" count="46" type="stmt"/>
      <line num="32" count="46" type="stmt"/>
      <line num="34" count="46" type="stmt"/>
      <line num="35" count="28" type="cond" truecount="2" falsecount="0"/>
      <line num="36" count="12" type="stmt"/>
      <line num="37" count="12" type="stmt"/>
      <line num="38" count="12" type="stmt"/>
      <line num="39" count="12" type="stmt"/>
      <line num="40" count="12" type="stmt"/>
      <line num="41" count="12" type="stmt"/>
      <line num="42" count="12" type="stmt"/>
      <line num="46" count="46" type="stmt"/>
      <line num="47" count="12" type="stmt"/>
      <line num="48" count="12" type="stmt"/>
      <line num="49" count="12" type="stmt"/>
      <line num="50" count="10" type="stmt"/>
      <line num="52" count="0" type="stmt"/>
      <line num="54" count="10" type="stmt"/>
      <line num="58" count="46" type="stmt"/>
      <line num="59" count="0" type="stmt"/>
      <line num="62" count="46" type="stmt"/>
      <line num="63" count="2" type="stmt"/>
      <line num="64" count="2" type="cond" truecount="1" falsecount="1"/>
      <line num="65" count="0" type="stmt"/>
      <line num="66" count="0" type="stmt"/>
      <line num="68" count="2" type="cond" truecount="2" falsecount="2"/>
      <line num="69" count="0" type="stmt"/>
      <line num="70" count="0" type="stmt"/>
      <line num="73" count="2" type="cond" truecount="1" falsecount="1"/>
      <line num="76" count="2" type="stmt"/>
      <line num="79" count="46" type="stmt"/>
      <line num="80" count="6" type="cond" truecount="2" falsecount="2"/>
      <line num="81" count="0" type="stmt"/>
      <line num="85" count="46" type="cond" truecount="2" falsecount="0"/>
      <line num="106" count="0" type="stmt"/>
      <line num="118" count="0" type="stmt"/>
      <line num="145" count="32" type="stmt"/>
      <line num="148" count="0" type="stmt"/>
      <line num="176" count="0" type="stmt"/>
      <line num="212" count="112" type="stmt"/>
      <line num="216" count="2" type="stmt"/>
      <line num="217" count="2" type="stmt"/>
      <line num="236" count="1" type="stmt"/>
      <line num="254" count="0" type="stmt"/>
      <line num="267" count="0" type="stmt"/>
      <line num="294" count="0" type="stmt"/>
    </file>
    <file name="ModalEditarTags.tsx" path="/home/vitor/Documents/financas-front/src/components/ModalEditarTags.tsx">
      <metrics statements="53" coveredstatements="25" conditionals="49" coveredconditionals="21" methods="21" coveredmethods="12"/>
      <line num="3" count="2" type="stmt"/>
      <line num="4" count="2" type="stmt"/>
      <line num="5" count="2" type="stmt"/>
      <line num="23" count="32" type="stmt"/>
      <line num="35" count="35" type="stmt"/>
      <line num="36" count="35" type="stmt"/>
      <line num="37" count="35" type="stmt"/>
      <line num="38" count="35" type="stmt"/>
      <line num="39" count="35" type="stmt"/>
      <line num="41" count="35" type="cond" truecount="2" falsecount="0"/>
      <line num="43" count="16" type="stmt"/>
      <line num="44" count="113" type="stmt"/>
      <line num="47" count="16" type="stmt"/>
      <line num="48" count="3" type="stmt"/>
      <line num="49" count="3" type="cond" truecount="2" falsecount="0"/>
      <line num="50" count="1" type="stmt"/>
      <line num="55" count="16" type="stmt"/>
      <line num="56" count="0" type="stmt"/>
      <line num="57" count="0" type="stmt"/>
      <line num="61" count="0" type="stmt"/>
      <line num="62" count="0" type="cond" truecount="0" falsecount="2"/>
      <line num="63" count="0" type="stmt"/>
      <line num="64" count="0" type="cond" truecount="0" falsecount="2"/>
      <line num="65" count="0" type="stmt"/>
      <line num="66" count="0" type="cond" truecount="0" falsecount="4"/>
      <line num="67" count="0" type="stmt"/>
      <line num="70" count="0" type="stmt"/>
      <line num="73" count="16" type="stmt"/>
      <line num="74" count="0" type="stmt"/>
      <line num="76" count="0" type="cond" truecount="0" falsecount="2"/>
      <line num="77" count="0" type="stmt"/>
      <line num="78" count="0" type="stmt"/>
      <line num="81" count="0" type="cond" truecount="0" falsecount="4"/>
      <line num="82" count="0" type="stmt"/>
      <line num="83" count="0" type="stmt"/>
      <line num="86" count="0" type="cond" truecount="0" falsecount="2"/>
      <line num="95" count="0" type="stmt"/>
      <line num="98" count="0" type="stmt"/>
      <line num="99" count="0" type="stmt"/>
      <line num="100" count="0" type="stmt"/>
      <line num="103" count="16" type="stmt"/>
      <line num="104" count="4" type="cond" truecount="2" falsecount="2"/>
      <line num="105" count="0" type="stmt"/>
      <line num="134" count="34" type="stmt"/>
      <line num="142" count="0" type="stmt"/>
      <line num="165" count="29" type="stmt"/>
      <line num="168" count="3" type="stmt"/>
      <line num="198" count="6" type="stmt"/>
      <line num="199" count="2" type="cond" truecount="1" falsecount="1"/>
      <line num="219" count="0" type="stmt"/>
      <line num="237" count="0" type="stmt"/>
      <line num="251" count="0" type="stmt"/>
      <line num="279" count="0" type="stmt"/>
    </file>
    <file name="ModalEditarValor.tsx" path="/home/vitor/Documents/financas-front/src/components/ModalEditarValor.tsx">
      <metrics statements="52" coveredstatements="31" conditionals="57" coveredconditionals="33" methods="15" coveredmethods="7"/>
      <line num="3" count="2" type="stmt"/>
      <line num="4" count="2" type="stmt"/>
      <line num="5" count="2" type="stmt"/>
      <line num="22" count="33" type="stmt"/>
      <line num="33" count="36" type="stmt"/>
      <line num="34" count="36" type="stmt"/>
      <line num="35" count="36" type="stmt"/>
      <line num="36" count="36" type="stmt"/>
      <line num="37" count="36" type="stmt"/>
      <line num="39" count="36" type="cond" truecount="2" falsecount="0"/>
      <line num="41" count="17" type="stmt"/>
      <line num="43" count="1" type="cond" truecount="2" falsecount="0"/>
      <line num="44" count="1" type="stmt"/>
      <line num="45" count="1" type="stmt"/>
      <line num="48" count="17" type="stmt"/>
      <line num="49" count="0" type="cond" truecount="0" falsecount="2"/>
      <line num="50" count="0" type="stmt"/>
      <line num="52" count="0" type="stmt"/>
      <line num="53" count="0" type="cond" truecount="0" falsecount="2"/>
      <line num="54" count="0" type="stmt"/>
      <line num="55" count="0" type="cond" truecount="0" falsecount="2"/>
      <line num="56" count="0" type="stmt"/>
      <line num="57" count="0" type="cond" truecount="0" falsecount="4"/>
      <line num="58" count="0" type="stmt"/>
      <line num="61" count="0" type="stmt"/>
      <line num="64" count="17" type="stmt"/>
      <line num="65" count="2" type="stmt"/>
      <line num="67" count="2" type="cond" truecount="2" falsecount="2"/>
      <line num="68" count="0" type="stmt"/>
      <line num="69" count="0" type="stmt"/>
      <line num="72" count="2" type="cond" truecount="2" falsecount="0"/>
      <line num="73" count="2" type="stmt"/>
      <line num="75" count="2" type="cond" truecount="1" falsecount="1"/>
      <line num="84" count="2" type="stmt"/>
      <line num="87" count="17" type="stmt"/>
      <line num="88" count="0" type="cond" truecount="0" falsecount="2"/>
      <line num="89" count="0" type="stmt"/>
      <line num="92" count="17" type="stmt"/>
      <line num="93" count="3" type="cond" truecount="2" falsecount="2"/>
      <line num="94" count="0" type="stmt"/>
      <line num="98" count="17" type="stmt"/>
      <line num="99" count="90" type="stmt"/>
      <line num="105" count="17" type="cond" truecount="2" falsecount="0"/>
      <line num="106" count="17" type="cond" truecount="2" falsecount="0"/>
      <line num="154" count="2" type="cond" truecount="1" falsecount="1"/>
      <line num="173" count="0" type="stmt"/>
      <line num="184" count="1" type="stmt"/>
      <line num="195" count="0" type="stmt"/>
      <line num="236" count="0" type="stmt"/>
      <line num="254" count="0" type="stmt"/>
      <line num="267" count="0" type="stmt"/>
      <line num="294" count="0" type="stmt"/>
    </file>
    <file name="NavegacaoPrincipal.tsx" path="/home/vitor/Documents/financas-front/src/components/NavegacaoPrincipal.tsx">
      <metrics statements="24" coveredstatements="24" conditionals="14" coveredconditionals="14" methods="4" coveredmethods="4"/>
      <line num="3" count="1" type="stmt"/>
      <line num="4" count="1" type="stmt"/>
      <line num="6" count="11" type="stmt"/>
      <line num="7" count="11" type="stmt"/>
      <line num="8" count="11" type="stmt"/>
      <line num="12" count="11" type="stmt"/>
      <line num="14" count="66" type="stmt"/>
      <line num="15" count="66" type="stmt"/>
      <line num="16" count="66" type="stmt"/>
      <line num="17" count="66" type="stmt"/>
      <line num="18" count="66" type="stmt"/>
      <line num="20" count="66" type="cond" truecount="2" falsecount="0"/>
      <line num="21" count="66" type="cond" truecount="2" falsecount="0"/>
      <line num="22" count="66" type="cond" truecount="2" falsecount="0"/>
      <line num="23" count="66" type="cond" truecount="2" falsecount="0"/>
      <line num="25" count="66" type="stmt"/>
      <line num="28" count="11" type="stmt"/>
      <line num="37" count="11" type="stmt"/>
      <line num="38" count="66" type="cond" truecount="2" falsecount="0"/>
      <line num="39" count="11" type="stmt"/>
      <line num="41" count="55" type="stmt"/>
      <line num="48" count="66" type="stmt"/>
      <line num="49" count="66" type="cond" truecount="2" falsecount="0"/>
      <line num="51" count="66" type="stmt"/>
    </file>
    <file name="SeletorTags.tsx" path="/home/vitor/Documents/financas-front/src/components/SeletorTags.tsx">
      <metrics statements="7" coveredstatements="6" conditionals="5" coveredconditionals="5" methods="5" coveredmethods="4"/>
      <line num="2" count="1" type="stmt"/>
      <line num="3" count="1" type="stmt"/>
      <line num="11" count="9" type="stmt"/>
      <line num="16" count="9" type="stmt"/>
      <line num="17" count="46" type="stmt"/>
      <line num="32" count="14" type="stmt"/>
      <line num="36" count="0" type="stmt"/>
    </file>
  </project>
</coverage>
