{"/home/vitor/Documents/financas-front/src/components/BotaoAplicarTodasRegras.tsx": {"path":"/home/vitor/Documents/financas-front/src/components/BotaoAplicarTodasRegras.tsx","statementMap":{"0":{"start":{"line":8,"column":16},"end":{"line":8,"column":null}},"1":{"start":{"line":3,"column":40},"end":{"line":3,"column":null}},"2":{"start":{"line":4,"column":22},"end":{"line":4,"column":null}},"3":{"start":{"line":5,"column":41},"end":{"line":5,"column":null}},"4":{"start":{"line":6,"column":33},"end":{"line":6,"column":null}},"5":{"start":{"line":9,"column":42},"end":{"line":9,"column":null}},"6":{"start":{"line":10,"column":39},"end":{"line":10,"column":null}},"7":{"start":{"line":12,"column":29},"end":{"line":22,"column":null}},"8":{"start":{"line":13,"column":4},"end":{"line":21,"column":null}},"9":{"start":{"line":14,"column":6},"end":{"line":20,"column":null}},"10":{"start":{"line":15,"column":26},"end":{"line":15,"column":null}},"11":{"start":{"line":16,"column":8},"end":{"line":16,"column":null}},"12":{"start":{"line":17,"column":8},"end":{"line":17,"column":null}},"13":{"start":{"line":19,"column":8},"end":{"line":19,"column":null}},"14":{"start":{"line":27,"column":23},"end":{"line":27,"column":null}},"15":{"start":{"line":38,"column":28},"end":{"line":38,"column":null}}},"fnMap":{"0":{"name":"BotaoAplicarTodasRegras","decl":{"start":{"line":8,"column":16},"end":{"line":8,"column":null}},"loc":{"start":{"line":8,"column":16},"end":{"line":45,"column":null}}},"1":{"name":"(anonymous_2)","decl":{"start":{"line":12,"column":29},"end":{"line":12,"column":null}},"loc":{"start":{"line":12,"column":29},"end":{"line":22,"column":null}}},"2":{"name":"(anonymous_3)","decl":{"start":{"line":13,"column":20},"end":{"line":13,"column":null}},"loc":{"start":{"line":13,"column":20},"end":{"line":21,"column":null}}},"3":{"name":"(anonymous_4)","decl":{"start":{"line":27,"column":17},"end":{"line":27,"column":23}},"loc":{"start":{"line":27,"column":23},"end":{"line":27,"column":null}}},"4":{"name":"(anonymous_5)","decl":{"start":{"line":38,"column":22},"end":{"line":38,"column":28}},"loc":{"start":{"line":38,"column":28},"end":{"line":38,"column":null}}}},"branchMap":{"0":{"loc":{"start":{"line":33,"column":7},"end":{"line":33,"column":null}},"type":"binary-expr","locations":[{"start":{"line":33,"column":7},"end":{"line":33,"column":null}}]}},"s":{"0":10,"1":1,"2":1,"3":1,"4":1,"5":29,"6":29,"7":29,"8":4,"9":4,"10":4,"11":3,"12":3,"13":1,"14":7,"15":1},"f":{"0":29,"1":4,"2":4,"3":7,"4":1},"b":{"0":[29]}}
,"/home/vitor/Documents/financas-front/src/components/BotaoVoltar.tsx": {"path":"/home/vitor/Documents/financas-front/src/components/BotaoVoltar.tsx","statementMap":{"0":{"start":{"line":11,"column":24},"end":{"line":11,"column":36}},"1":{"start":{"line":3,"column":17},"end":{"line":3,"column":null}},"2":{"start":{"line":4,"column":32},"end":{"line":4,"column":null}},"3":{"start":{"line":15,"column":23},"end":{"line":15,"column":null}},"4":{"start":{"line":18,"column":17},"end":{"line":18,"column":null}},"5":{"start":{"line":21,"column":22},"end":{"line":21,"column":null}},"6":{"start":{"line":22,"column":2},"end":{"line":24,"column":null}},"7":{"start":{"line":23,"column":4},"end":{"line":23,"column":null}},"8":{"start":{"line":25,"column":2},"end":{"line":27,"column":null}},"9":{"start":{"line":26,"column":4},"end":{"line":26,"column":null}},"10":{"start":{"line":28,"column":2},"end":{"line":30,"column":null}},"11":{"start":{"line":29,"column":4},"end":{"line":29,"column":null}},"12":{"start":{"line":33,"column":13},"end":{"line":33,"column":null}},"13":{"start":{"line":35,"column":2},"end":{"line":41,"column":null}},"14":{"start":{"line":36,"column":4},"end":{"line":36,"column":null}},"15":{"start":{"line":37,"column":9},"end":{"line":41,"column":null}},"16":{"start":{"line":39,"column":26},"end":{"line":39,"column":48}},"17":{"start":{"line":40,"column":4},"end":{"line":40,"column":null}},"18":{"start":{"line":44,"column":22},"end":{"line":44,"column":null}},"19":{"start":{"line":45,"column":2},"end":{"line":47,"column":null}},"20":{"start":{"line":46,"column":4},"end":{"line":46,"column":null}}},"fnMap":{"0":{"name":"BotaoVoltar","decl":{"start":{"line":11,"column":24},"end":{"line":11,"column":36}},"loc":{"start":{"line":14,"column":19},"end":{"line":54,"column":null}}}},"branchMap":{"0":{"loc":{"start":{"line":12,"column":2},"end":{"line":12,"column":23}},"type":"default-arg","locations":[{"start":{"line":12,"column":13},"end":{"line":12,"column":23}}]},"1":{"loc":{"start":{"line":13,"column":2},"end":{"line":13,"column":120}},"type":"default-arg","locations":[{"start":{"line":13,"column":14},"end":{"line":13,"column":120}}]},"2":{"loc":{"start":{"line":18,"column":17},"end":{"line":18,"column":null}},"type":"binary-expr","locations":[{"start":{"line":18,"column":17},"end":{"line":18,"column":47}},{"start":{"line":18,"column":47},"end":{"line":18,"column":null}}]},"3":{"loc":{"start":{"line":22,"column":2},"end":{"line":24,"column":null}},"type":"if","locations":[{"start":{"line":22,"column":2},"end":{"line":24,"column":null}},{"start":{},"end":{}}]},"4":{"loc":{"start":{"line":25,"column":2},"end":{"line":27,"column":null}},"type":"if","locations":[{"start":{"line":25,"column":2},"end":{"line":27,"column":null}},{"start":{},"end":{}}]},"5":{"loc":{"start":{"line":28,"column":2},"end":{"line":30,"column":null}},"type":"if","locations":[{"start":{"line":28,"column":2},"end":{"line":30,"column":null}},{"start":{},"end":{}}]},"6":{"loc":{"start":{"line":35,"column":2},"end":{"line":41,"column":null}},"type":"if","locations":[{"start":{"line":35,"column":2},"end":{"line":41,"column":null}},{"start":{"line":37,"column":9},"end":{"line":41,"column":null}}]},"7":{"loc":{"start":{"line":37,"column":9},"end":{"line":41,"column":null}},"type":"if","locations":[{"start":{"line":37,"column":9},"end":{"line":41,"column":null}},{"start":{},"end":{}}]},"8":{"loc":{"start":{"line":45,"column":2},"end":{"line":47,"column":null}},"type":"if","locations":[{"start":{"line":45,"column":2},"end":{"line":47,"column":null}},{"start":{},"end":{}}]}},"s":{"0":9,"1":1,"2":1,"3":9,"4":9,"5":9,"6":9,"7":2,"8":9,"9":1,"10":9,"11":1,"12":9,"13":9,"14":1,"15":8,"16":1,"17":1,"18":9,"19":9,"20":2},"f":{"0":9},"b":{"0":[7],"1":[8],"2":[9,7],"3":[2,7],"4":[1,8],"5":[1,8],"6":[1,8],"7":[1,7],"8":[2,7]}}
,"/home/vitor/Documents/financas-front/src/components/BotoesAcaoTransacao.tsx": {"path":"/home/vitor/Documents/financas-front/src/components/BotoesAcaoTransacao.tsx","statementMap":{"0":{"start":{"line":18,"column":24},"end":{"line":18,"column":44}},"1":{"start":{"line":3,"column":40},"end":{"line":3,"column":null}},"2":{"start":{"line":4,"column":131},"end":{"line":4,"column":null}},"3":{"start":{"line":5,"column":55},"end":{"line":5,"column":null}},"4":{"start":{"line":6,"column":22},"end":{"line":6,"column":null}},"5":{"start":{"line":7,"column":33},"end":{"line":7,"column":null}},"6":{"start":{"line":8,"column":29},"end":{"line":8,"column":null}},"7":{"start":{"line":9,"column":28},"end":{"line":9,"column":null}},"8":{"start":{"line":10,"column":68},"end":{"line":10,"column":null}},"9":{"start":{"line":11,"column":33},"end":{"line":11,"column":null}},"10":{"start":{"line":19,"column":39},"end":{"line":19,"column":null}},"11":{"start":{"line":20,"column":46},"end":{"line":20,"column":null}},"12":{"start":{"line":21,"column":38},"end":{"line":21,"column":null}},"13":{"start":{"line":22,"column":36},"end":{"line":22,"column":null}},"14":{"start":{"line":23,"column":50},"end":{"line":23,"column":null}},"15":{"start":{"line":25,"column":32},"end":{"line":58,"column":null}},"16":{"start":{"line":26,"column":4},"end":{"line":57,"column":null}},"17":{"start":{"line":27,"column":6},"end":{"line":56,"column":null}},"18":{"start":{"line":28,"column":8},"end":{"line":28,"column":null}},"19":{"start":{"line":31,"column":8},"end":{"line":52,"column":null}},"20":{"start":{"line":32,"column":32},"end":{"line":34,"column":39}},"21":{"start":{"line":36,"column":24},"end":{"line":42,"column":null}},"22":{"start":{"line":44,"column":10},"end":{"line":44,"column":null}},"23":{"start":{"line":45,"column":10},"end":{"line":45,"column":null}},"24":{"start":{"line":48,"column":10},"end":{"line":48,"column":null}},"25":{"start":{"line":50,"column":10},"end":{"line":50,"column":null}},"26":{"start":{"line":51,"column":10},"end":{"line":51,"column":null}},"27":{"start":{"line":54,"column":8},"end":{"line":54,"column":null}},"28":{"start":{"line":55,"column":8},"end":{"line":55,"column":null}},"29":{"start":{"line":60,"column":44},"end":{"line":74,"column":null}},"30":{"start":{"line":61,"column":4},"end":{"line":61,"column":null}},"31":{"start":{"line":61,"column":27},"end":{"line":61,"column":null}},"32":{"start":{"line":63,"column":4},"end":{"line":73,"column":null}},"33":{"start":{"line":64,"column":6},"end":{"line":72,"column":null}},"34":{"start":{"line":65,"column":26},"end":{"line":65,"column":null}},"35":{"start":{"line":66,"column":8},"end":{"line":66,"column":null}},"36":{"start":{"line":67,"column":8},"end":{"line":67,"column":null}},"37":{"start":{"line":69,"column":8},"end":{"line":69,"column":null}},"38":{"start":{"line":70,"column":8},"end":{"line":70,"column":null}},"39":{"start":{"line":71,"column":8},"end":{"line":71,"column":null}},"40":{"start":{"line":76,"column":28},"end":{"line":112,"column":null}},"41":{"start":{"line":80,"column":4},"end":{"line":111,"column":null}},"42":{"start":{"line":81,"column":6},"end":{"line":110,"column":null}},"43":{"start":{"line":82,"column":8},"end":{"line":82,"column":null}},"44":{"start":{"line":85,"column":8},"end":{"line":106,"column":null}},"45":{"start":{"line":86,"column":32},"end":{"line":88,"column":39}},"46":{"start":{"line":90,"column":24},"end":{"line":96,"column":null}},"47":{"start":{"line":98,"column":10},"end":{"line":98,"column":null}},"48":{"start":{"line":99,"column":10},"end":{"line":99,"column":null}},"49":{"start":{"line":102,"column":10},"end":{"line":102,"column":null}},"50":{"start":{"line":104,"column":10},"end":{"line":104,"column":null}},"51":{"start":{"line":105,"column":10},"end":{"line":105,"column":null}},"52":{"start":{"line":108,"column":8},"end":{"line":108,"column":null}},"53":{"start":{"line":109,"column":8},"end":{"line":109,"column":null}},"54":{"start":{"line":114,"column":31},"end":{"line":125,"column":null}},"55":{"start":{"line":115,"column":4},"end":{"line":124,"column":null}},"56":{"start":{"line":116,"column":6},"end":{"line":123,"column":null}},"57":{"start":{"line":117,"column":8},"end":{"line":117,"column":null}},"58":{"start":{"line":118,"column":8},"end":{"line":118,"column":null}},"59":{"start":{"line":119,"column":8},"end":{"line":119,"column":null}},"60":{"start":{"line":121,"column":8},"end":{"line":121,"column":null}},"61":{"start":{"line":122,"column":8},"end":{"line":122,"column":null}},"62":{"start":{"line":127,"column":30},"end":{"line":165,"column":null}},"63":{"start":{"line":131,"column":4},"end":{"line":164,"column":null}},"64":{"start":{"line":132,"column":6},"end":{"line":163,"column":null}},"65":{"start":{"line":134,"column":8},"end":{"line":136,"column":null}},"66":{"start":{"line":135,"column":10},"end":{"line":135,"column":null}},"67":{"start":{"line":139,"column":8},"end":{"line":159,"column":null}},"68":{"start":{"line":140,"column":32},"end":{"line":142,"column":39}},"69":{"start":{"line":144,"column":24},"end":{"line":151,"column":null}},"70":{"start":{"line":153,"column":10},"end":{"line":153,"column":null}},"71":{"start":{"line":154,"column":10},"end":{"line":154,"column":null}},"72":{"start":{"line":155,"column":10},"end":{"line":155,"column":null}},"73":{"start":{"line":157,"column":10},"end":{"line":157,"column":null}},"74":{"start":{"line":158,"column":10},"end":{"line":158,"column":null}},"75":{"start":{"line":161,"column":8},"end":{"line":161,"column":null}},"76":{"start":{"line":162,"column":8},"end":{"line":162,"column":null}},"77":{"start":{"line":167,"column":27},"end":{"line":177,"column":null}},"78":{"start":{"line":168,"column":4},"end":{"line":176,"column":null}},"79":{"start":{"line":169,"column":6},"end":{"line":175,"column":null}},"80":{"start":{"line":170,"column":8},"end":{"line":170,"column":null}},"81":{"start":{"line":171,"column":8},"end":{"line":171,"column":null}},"82":{"start":{"line":173,"column":8},"end":{"line":173,"column":null}},"83":{"start":{"line":174,"column":8},"end":{"line":174,"column":null}},"84":{"start":{"line":185,"column":27},"end":{"line":185,"column":null}},"85":{"start":{"line":192,"column":27},"end":{"line":192,"column":null}},"86":{"start":{"line":199,"column":27},"end":{"line":199,"column":null}},"87":{"start":{"line":211,"column":23},"end":{"line":211,"column":null}},"88":{"start":{"line":220,"column":23},"end":{"line":220,"column":null}},"89":{"start":{"line":232,"column":23},"end":{"line":232,"column":null}},"90":{"start":{"line":249,"column":28},"end":{"line":249,"column":null}}},"fnMap":{"0":{"name":"BotoesAcaoTransacao","decl":{"start":{"line":18,"column":24},"end":{"line":18,"column":44}},"loc":{"start":{"line":18,"column":94},"end":{"line":257,"column":null}}},"1":{"name":"(anonymous_3)","decl":{"start":{"line":25,"column":32},"end":{"line":25,"column":39}},"loc":{"start":{"line":25,"column":62},"end":{"line":58,"column":null}}},"2":{"name":"(anonymous_4)","decl":{"start":{"line":26,"column":20},"end":{"line":26,"column":null}},"loc":{"start":{"line":26,"column":20},"end":{"line":57,"column":null}}},"3":{"name":"(anonymous_5)","decl":{"start":{"line":60,"column":44},"end":{"line":60,"column":null}},"loc":{"start":{"line":60,"column":44},"end":{"line":74,"column":null}}},"4":{"name":"(anonymous_6)","decl":{"start":{"line":63,"column":20},"end":{"line":63,"column":null}},"loc":{"start":{"line":63,"column":20},"end":{"line":73,"column":null}}},"5":{"name":"(anonymous_7)","decl":{"start":{"line":76,"column":28},"end":{"line":76,"column":null}},"loc":{"start":{"line":78,"column":4},"end":{"line":112,"column":null}}},"6":{"name":"(anonymous_8)","decl":{"start":{"line":80,"column":20},"end":{"line":80,"column":null}},"loc":{"start":{"line":80,"column":20},"end":{"line":111,"column":null}}},"7":{"name":"(anonymous_9)","decl":{"start":{"line":114,"column":31},"end":{"line":114,"column":null}},"loc":{"start":{"line":114,"column":31},"end":{"line":125,"column":null}}},"8":{"name":"(anonymous_10)","decl":{"start":{"line":115,"column":20},"end":{"line":115,"column":null}},"loc":{"start":{"line":115,"column":20},"end":{"line":124,"column":null}}},"9":{"name":"(anonymous_11)","decl":{"start":{"line":127,"column":30},"end":{"line":127,"column":null}},"loc":{"start":{"line":129,"column":4},"end":{"line":165,"column":null}}},"10":{"name":"(anonymous_12)","decl":{"start":{"line":131,"column":20},"end":{"line":131,"column":null}},"loc":{"start":{"line":131,"column":20},"end":{"line":164,"column":null}}},"11":{"name":"(anonymous_13)","decl":{"start":{"line":167,"column":27},"end":{"line":167,"column":34}},"loc":{"start":{"line":167,"column":34},"end":{"line":177,"column":null}}},"12":{"name":"(anonymous_14)","decl":{"start":{"line":168,"column":20},"end":{"line":168,"column":null}},"loc":{"start":{"line":168,"column":20},"end":{"line":176,"column":null}}},"13":{"name":"(anonymous_15)","decl":{"start":{"line":185,"column":21},"end":{"line":185,"column":27}},"loc":{"start":{"line":185,"column":27},"end":{"line":185,"column":null}}},"14":{"name":"(anonymous_16)","decl":{"start":{"line":192,"column":21},"end":{"line":192,"column":27}},"loc":{"start":{"line":192,"column":27},"end":{"line":192,"column":null}}},"15":{"name":"(anonymous_17)","decl":{"start":{"line":199,"column":21},"end":{"line":199,"column":27}},"loc":{"start":{"line":199,"column":27},"end":{"line":199,"column":null}}},"16":{"name":"(anonymous_18)","decl":{"start":{"line":211,"column":17},"end":{"line":211,"column":23}},"loc":{"start":{"line":211,"column":23},"end":{"line":211,"column":null}}},"17":{"name":"(anonymous_19)","decl":{"start":{"line":220,"column":17},"end":{"line":220,"column":23}},"loc":{"start":{"line":220,"column":23},"end":{"line":220,"column":null}}},"18":{"name":"(anonymous_20)","decl":{"start":{"line":232,"column":17},"end":{"line":232,"column":23}},"loc":{"start":{"line":232,"column":23},"end":{"line":232,"column":null}}},"19":{"name":"(anonymous_21)","decl":{"start":{"line":249,"column":22},"end":{"line":249,"column":28}},"loc":{"start":{"line":249,"column":28},"end":{"line":249,"column":null}}}},"branchMap":{"0":{"loc":{"start":{"line":31,"column":8},"end":{"line":52,"column":null}},"type":"if","locations":[{"start":{"line":31,"column":8},"end":{"line":52,"column":null}},{"start":{"line":49,"column":15},"end":{"line":52,"column":null}}]},"1":{"loc":{"start":{"line":32,"column":32},"end":{"line":34,"column":39}},"type":"cond-expr","locations":[{"start":{"line":33,"column":15},"end":{"line":33,"column":null}},{"start":{"line":34,"column":14},"end":{"line":34,"column":39}}]},"2":{"loc":{"start":{"line":33,"column":15},"end":{"line":33,"column":null}},"type":"binary-expr","locations":[{"start":{"line":33,"column":15},"end":{"line":33,"column":34}},{"start":{"line":33,"column":38},"end":{"line":33,"column":null}}]},"3":{"loc":{"start":{"line":61,"column":4},"end":{"line":61,"column":null}},"type":"if","locations":[{"start":{"line":61,"column":4},"end":{"line":61,"column":null}},{"start":{},"end":{}}]},"4":{"loc":{"start":{"line":85,"column":8},"end":{"line":106,"column":null}},"type":"if","locations":[{"start":{"line":85,"column":8},"end":{"line":106,"column":null}},{"start":{"line":103,"column":15},"end":{"line":106,"column":null}}]},"5":{"loc":{"start":{"line":86,"column":32},"end":{"line":88,"column":39}},"type":"cond-expr","locations":[{"start":{"line":87,"column":15},"end":{"line":87,"column":null}},{"start":{"line":88,"column":14},"end":{"line":88,"column":39}}]},"6":{"loc":{"start":{"line":87,"column":15},"end":{"line":87,"column":null}},"type":"binary-expr","locations":[{"start":{"line":87,"column":15},"end":{"line":87,"column":34}},{"start":{"line":87,"column":38},"end":{"line":87,"column":null}}]},"7":{"loc":{"start":{"line":139,"column":8},"end":{"line":159,"column":null}},"type":"if","locations":[{"start":{"line":139,"column":8},"end":{"line":159,"column":null}},{"start":{"line":156,"column":15},"end":{"line":159,"column":null}}]},"8":{"loc":{"start":{"line":140,"column":32},"end":{"line":142,"column":39}},"type":"cond-expr","locations":[{"start":{"line":141,"column":15},"end":{"line":141,"column":null}},{"start":{"line":142,"column":14},"end":{"line":142,"column":39}}]},"9":{"loc":{"start":{"line":141,"column":15},"end":{"line":141,"column":null}},"type":"binary-expr","locations":[{"start":{"line":141,"column":15},"end":{"line":141,"column":34}},{"start":{"line":141,"column":38},"end":{"line":141,"column":null}}]},"10":{"loc":{"start":{"line":212,"column":24},"end":{"line":212,"column":null}},"type":"binary-expr","locations":[{"start":{"line":212,"column":24},"end":{"line":212,"column":43}},{"start":{"line":212,"column":47},"end":{"line":212,"column":null}}]},"11":{"loc":{"start":{"line":226,"column":21},"end":{"line":226,"column":null}},"type":"cond-expr","locations":[{"start":{"line":226,"column":62},"end":{"line":226,"column":85}},{"start":{"line":226,"column":85},"end":{"line":226,"column":null}}]},"12":{"loc":{"start":{"line":234,"column":20},"end":{"line":234,"column":40}},"type":"binary-expr","locations":[{"start":{"line":234,"column":20},"end":{"line":234,"column":34}},{"start":{"line":234,"column":38},"end":{"line":234,"column":40}}]},"13":{"loc":{"start":{"line":244,"column":7},"end":{"line":244,"column":null}},"type":"binary-expr","locations":[{"start":{"line":244,"column":7},"end":{"line":244,"column":null}}]}},"s":{"0":32,"1":2,"2":2,"3":2,"4":2,"5":2,"6":2,"7":2,"8":2,"9":2,"10":101,"11":101,"12":101,"13":101,"14":101,"15":101,"16":6,"17":6,"18":6,"19":5,"20":4,"21":4,"22":4,"23":4,"24":4,"25":1,"26":1,"27":1,"28":1,"29":101,"30":2,"31":0,"32":2,"33":2,"34":2,"35":1,"36":1,"37":1,"38":1,"39":1,"40":101,"41":3,"42":3,"43":3,"44":2,"45":1,"46":1,"47":1,"48":1,"49":1,"50":1,"51":1,"52":1,"53":1,"54":101,"55":2,"56":2,"57":2,"58":1,"59":1,"60":1,"61":1,"62":101,"63":3,"64":3,"65":3,"66":4,"67":2,"68":1,"69":1,"70":1,"71":1,"72":1,"73":1,"74":1,"75":1,"76":1,"77":101,"78":2,"79":2,"80":2,"81":1,"82":1,"83":1,"84":8,"85":7,"86":6,"87":0,"88":0,"89":0,"90":0},"f":{"0":101,"1":6,"2":6,"3":2,"4":2,"5":3,"6":3,"7":2,"8":2,"9":3,"10":3,"11":2,"12":2,"13":8,"14":7,"15":6,"16":0,"17":0,"18":0,"19":0},"b":{"0":[4,1],"1":[0,4],"2":[0,0],"3":[0,2],"4":[1,1],"5":[1,0],"6":[1,0],"7":[1,1],"8":[0,1],"9":[0,0],"10":[101,1],"11":[80,21],"12":[101,1],"13":[101]}}
,"/home/vitor/Documents/financas-front/src/components/CategoriaItem.tsx": {"path":"/home/vitor/Documents/financas-front/src/components/CategoriaItem.tsx","statementMap":{"0":{"start":{"line":10,"column":24},"end":{"line":10,"column":38}},"1":{"start":{"line":11,"column":24},"end":{"line":16,"column":null}},"2":{"start":{"line":12,"column":4},"end":{"line":15,"column":null}}},"fnMap":{"0":{"name":"CategoriaItem","decl":{"start":{"line":10,"column":24},"end":{"line":10,"column":38}},"loc":{"start":{"line":10,"column":93},"end":{"line":41,"column":null}}},"1":{"name":"(anonymous_2)","decl":{"start":{"line":11,"column":24},"end":{"line":11,"column":25}},"loc":{"start":{"line":11,"column":25},"end":{"line":16,"column":null}}}},"branchMap":{"0":{"loc":{"start":{"line":22,"column":9},"end":{"line":22,"column":null}},"type":"binary-expr","locations":[{"start":{"line":22,"column":9},"end":{"line":22,"column":null}}]},"1":{"loc":{"start":{"line":32,"column":42},"end":{"line":32,"column":98}},"type":"cond-expr","locations":[{"start":{"line":32,"column":63},"end":{"line":32,"column":82}},{"start":{"line":32,"column":82},"end":{"line":32,"column":98}}]},"2":{"loc":{"start":{"line":36,"column":11},"end":{"line":36,"column":null}},"type":"cond-expr","locations":[{"start":{"line":36,"column":32},"end":{"line":36,"column":38}},{"start":{"line":36,"column":38},"end":{"line":36,"column":null}}]}},"s":{"0":10,"1":10,"2":10},"f":{"0":10,"1":10},"b":{"0":[10],"1":[3,7],"2":[3,7]}}
,"/home/vitor/Documents/financas-front/src/components/ConfigLoader.tsx": {"path":"/home/vitor/Documents/financas-front/src/components/ConfigLoader.tsx","statementMap":{"0":{"start":{"line":15,"column":16},"end":{"line":15,"column":29}},"1":{"start":{"line":3,"column":26},"end":{"line":3,"column":null}},"2":{"start":{"line":4,"column":56},"end":{"line":4,"column":null}},"3":{"start":{"line":16,"column":23},"end":{"line":16,"column":null}},"4":{"start":{"line":17,"column":17},"end":{"line":17,"column":null}},"5":{"start":{"line":18,"column":19},"end":{"line":18,"column":null}},"6":{"start":{"line":20,"column":2},"end":{"line":41,"column":null}},"7":{"start":{"line":21,"column":19},"end":{"line":21,"column":null}},"8":{"start":{"line":22,"column":22},"end":{"line":22,"column":null}},"9":{"start":{"line":25,"column":4},"end":{"line":28,"column":null}},"10":{"start":{"line":26,"column":6},"end":{"line":26,"column":null}},"11":{"start":{"line":27,"column":6},"end":{"line":27,"column":null}},"12":{"start":{"line":31,"column":4},"end":{"line":34,"column":null}},"13":{"start":{"line":32,"column":6},"end":{"line":32,"column":null}},"14":{"start":{"line":33,"column":6},"end":{"line":33,"column":null}},"15":{"start":{"line":37,"column":4},"end":{"line":40,"column":null}},"16":{"start":{"line":38,"column":21},"end":{"line":38,"column":null}},"17":{"start":{"line":39,"column":6},"end":{"line":39,"column":null}},"18":{"start":{"line":43,"column":2},"end":{"line":43,"column":null}}},"fnMap":{"0":{"name":"ConfigLoader","decl":{"start":{"line":15,"column":16},"end":{"line":15,"column":29}},"loc":{"start":{"line":15,"column":91},"end":{"line":44,"column":null}}},"1":{"name":"(anonymous_2)","decl":{"start":{"line":20,"column":12},"end":{"line":20,"column":null}},"loc":{"start":{"line":20,"column":12},"end":{"line":41,"column":5}}}},"branchMap":{"0":{"loc":{"start":{"line":25,"column":4},"end":{"line":28,"column":null}},"type":"if","locations":[{"start":{"line":25,"column":4},"end":{"line":28,"column":null}},{"start":{},"end":{}}]},"1":{"loc":{"start":{"line":31,"column":4},"end":{"line":34,"column":null}},"type":"if","locations":[{"start":{"line":31,"column":4},"end":{"line":34,"column":null}},{"start":{},"end":{}}]},"2":{"loc":{"start":{"line":37,"column":4},"end":{"line":40,"column":null}},"type":"if","locations":[{"start":{"line":37,"column":4},"end":{"line":40,"column":null}},{"start":{},"end":{}}]},"3":{"loc":{"start":{"line":38,"column":21},"end":{"line":38,"column":null}},"type":"cond-expr","locations":[{"start":{"line":38,"column":41},"end":{"line":38,"column":75}},{"start":{"line":38,"column":78},"end":{"line":38,"column":null}}]}},"s":{"0":9,"1":1,"2":1,"3":9,"4":9,"5":9,"6":9,"7":9,"8":9,"9":9,"10":8,"11":8,"12":9,"13":8,"14":8,"15":9,"16":8,"17":8,"18":9},"f":{"0":9,"1":9},"b":{"0":[8,1],"1":[8,1],"2":[8,1],"3":[8,0]}}
,"/home/vitor/Documents/financas-front/src/components/DropdownAdicionarTag.tsx": {"path":"/home/vitor/Documents/financas-front/src/components/DropdownAdicionarTag.tsx","statementMap":{"0":{"start":{"line":13,"column":24},"end":{"line":13,"column":45}},"1":{"start":{"line":3,"column":40},"end":{"line":3,"column":null}},"2":{"start":{"line":4,"column":22},"end":{"line":4,"column":null}},"3":{"start":{"line":6,"column":35},"end":{"line":6,"column":null}},"4":{"start":{"line":17,"column":42},"end":{"line":17,"column":null}},"5":{"start":{"line":18,"column":39},"end":{"line":18,"column":null}},"6":{"start":{"line":21,"column":4},"end":{"line":29,"column":null}},"7":{"start":{"line":22,"column":6},"end":{"line":28,"column":null}},"8":{"start":{"line":23,"column":8},"end":{"line":23,"column":null}},"9":{"start":{"line":24,"column":8},"end":{"line":24,"column":null}},"10":{"start":{"line":26,"column":8},"end":{"line":26,"column":null}},"11":{"start":{"line":27,"column":8},"end":{"line":27,"column":null}},"12":{"start":{"line":36,"column":23},"end":{"line":36,"column":null}},"13":{"start":{"line":47,"column":14},"end":{"line":48,"column":null}},"14":{"start":{"line":50,"column":31},"end":{"line":50,"column":null}}},"fnMap":{"0":{"name":"DropdownAdicionarTag","decl":{"start":{"line":13,"column":24},"end":{"line":13,"column":45}},"loc":{"start":{"line":16,"column":28},"end":{"line":66,"column":null}}},"1":{"name":"handleAdicionarTag","decl":{"start":{"line":20,"column":17},"end":{"line":20,"column":36}},"loc":{"start":{"line":20,"column":49},"end":{"line":30,"column":null}}},"2":{"name":"(anonymous_3)","decl":{"start":{"line":21,"column":20},"end":{"line":21,"column":null}},"loc":{"start":{"line":21,"column":20},"end":{"line":29,"column":null}}},"3":{"name":"(anonymous_4)","decl":{"start":{"line":36,"column":17},"end":{"line":36,"column":23}},"loc":{"start":{"line":36,"column":23},"end":{"line":36,"column":null}}},"4":{"name":"(anonymous_5)","decl":{"start":{"line":46,"column":33},"end":{"line":46,"column":34}},"loc":{"start":{"line":47,"column":14},"end":{"line":48,"column":null}}},"5":{"name":"(anonymous_6)","decl":{"start":{"line":50,"column":25},"end":{"line":50,"column":31}},"loc":{"start":{"line":50,"column":31},"end":{"line":50,"column":null}}}},"branchMap":{"0":{"loc":{"start":{"line":43,"column":7},"end":{"line":43,"column":null}},"type":"binary-expr","locations":[{"start":{"line":43,"column":7},"end":{"line":43,"column":null}}]},"1":{"loc":{"start":{"line":56,"column":44},"end":{"line":56,"column":65}},"type":"binary-expr","locations":[{"start":{"line":56,"column":44},"end":{"line":56,"column":51}},{"start":{"line":56,"column":55},"end":{"line":56,"column":65}}]}},"s":{"0":9,"1":1,"2":1,"3":1,"4":24,"5":24,"6":3,"7":3,"8":3,"9":1,"10":1,"11":1,"12":8,"13":36,"14":3},"f":{"0":24,"1":3,"2":3,"3":8,"4":36,"5":3},"b":{"0":[24],"1":[36,0]}}
,"/home/vitor/Documents/financas-front/src/components/FiltroTags.tsx": {"path":"/home/vitor/Documents/financas-front/src/components/FiltroTags.tsx","statementMap":{"0":{"start":{"line":8,"column":24},"end":{"line":8,"column":null}},"1":{"start":{"line":3,"column":36},"end":{"line":3,"column":null}},"2":{"start":{"line":4,"column":43},"end":{"line":4,"column":null}},"3":{"start":{"line":5,"column":28},"end":{"line":5,"column":null}},"4":{"start":{"line":9,"column":17},"end":{"line":9,"column":null}},"5":{"start":{"line":10,"column":23},"end":{"line":10,"column":null}},"6":{"start":{"line":11,"column":26},"end":{"line":11,"column":null}},"7":{"start":{"line":12,"column":50},"end":{"line":12,"column":null}},"8":{"start":{"line":14,"column":2},"end":{"line":23,"column":null}},"9":{"start":{"line":15,"column":4},"end":{"line":15,"column":null}},"10":{"start":{"line":18,"column":22},"end":{"line":18,"column":null}},"11":{"start":{"line":19,"column":4},"end":{"line":22,"column":null}},"12":{"start":{"line":20,"column":18},"end":{"line":20,"column":null}},"13":{"start":{"line":20,"column":49},"end":{"line":20,"column":63}},"14":{"start":{"line":20,"column":76},"end":{"line":20,"column":null}},"15":{"start":{"line":21,"column":6},"end":{"line":21,"column":null}},"16":{"start":{"line":26,"column":4},"end":{"line":31,"column":null}},"17":{"start":{"line":27,"column":20},"end":{"line":27,"column":null}},"18":{"start":{"line":28,"column":6},"end":{"line":28,"column":null}},"19":{"start":{"line":30,"column":6},"end":{"line":30,"column":null}},"20":{"start":{"line":35,"column":30},"end":{"line":37,"column":null}},"21":{"start":{"line":36,"column":38},"end":{"line":36,"column":null}},"22":{"start":{"line":39,"column":4},"end":{"line":39,"column":null}},"23":{"start":{"line":40,"column":4},"end":{"line":40,"column":null}},"24":{"start":{"line":44,"column":4},"end":{"line":44,"column":null}},"25":{"start":{"line":45,"column":4},"end":{"line":45,"column":null}},"26":{"start":{"line":49,"column":19},"end":{"line":49,"column":null}},"27":{"start":{"line":51,"column":4},"end":{"line":55,"column":null}},"28":{"start":{"line":52,"column":6},"end":{"line":52,"column":null}},"29":{"start":{"line":54,"column":6},"end":{"line":54,"column":null}},"30":{"start":{"line":57,"column":4},"end":{"line":57,"column":null}},"31":{"start":{"line":60,"column":2},"end":{"line":62,"column":null}},"32":{"start":{"line":61,"column":4},"end":{"line":61,"column":null}},"33":{"start":{"line":79,"column":30},"end":{"line":79,"column":null}},"34":{"start":{"line":80,"column":10},"end":{"line":82,"column":null}},"35":{"start":{"line":83,"column":29},"end":{"line":83,"column":null}}},"fnMap":{"0":{"name":"FiltroTags","decl":{"start":{"line":8,"column":24},"end":{"line":8,"column":null}},"loc":{"start":{"line":8,"column":24},"end":{"line":107,"column":null}}},"1":{"name":"(anonymous_2)","decl":{"start":{"line":14,"column":12},"end":{"line":14,"column":null}},"loc":{"start":{"line":14,"column":12},"end":{"line":23,"column":5}}},"2":{"name":"(anonymous_3)","decl":{"start":{"line":20,"column":43},"end":{"line":20,"column":49}},"loc":{"start":{"line":20,"column":49},"end":{"line":20,"column":63}}},"3":{"name":"(anonymous_4)","decl":{"start":{"line":20,"column":70},"end":{"line":20,"column":76}},"loc":{"start":{"line":20,"column":76},"end":{"line":20,"column":null}}},"4":{"name":"carregarTags","decl":{"start":{"line":25,"column":17},"end":{"line":25,"column":null}},"loc":{"start":{"line":25,"column":17},"end":{"line":32,"column":null}}},"5":{"name":"toggleTag","decl":{"start":{"line":34,"column":11},"end":{"line":34,"column":21}},"loc":{"start":{"line":34,"column":34},"end":{"line":41,"column":null}}},"6":{"name":"(anonymous_7)","decl":{"start":{"line":36,"column":32},"end":{"line":36,"column":38}},"loc":{"start":{"line":36,"column":38},"end":{"line":36,"column":null}}},"7":{"name":"limparFiltro","decl":{"start":{"line":43,"column":11},"end":{"line":43,"column":null}},"loc":{"start":{"line":43,"column":11},"end":{"line":46,"column":null}}},"8":{"name":"aplicarFiltro","decl":{"start":{"line":48,"column":11},"end":{"line":48,"column":25}},"loc":{"start":{"line":48,"column":41},"end":{"line":58,"column":null}}},"9":{"name":"(anonymous_10)","decl":{"start":{"line":78,"column":18},"end":{"line":78,"column":19}},"loc":{"start":{"line":78,"column":19},"end":{"line":98,"column":null}}},"10":{"name":"(anonymous_11)","decl":{"start":{"line":83,"column":23},"end":{"line":83,"column":29}},"loc":{"start":{"line":83,"column":29},"end":{"line":83,"column":null}}}},"branchMap":{"0":{"loc":{"start":{"line":19,"column":4},"end":{"line":22,"column":null}},"type":"if","locations":[{"start":{"line":19,"column":4},"end":{"line":22,"column":null}},{"start":{},"end":{}}]},"1":{"loc":{"start":{"line":35,"column":30},"end":{"line":37,"column":null}},"type":"cond-expr","locations":[{"start":{"line":36,"column":8},"end":{"line":36,"column":null}},{"start":{"line":37,"column":8},"end":{"line":37,"column":null}}]},"2":{"loc":{"start":{"line":51,"column":4},"end":{"line":55,"column":null}},"type":"if","locations":[{"start":{"line":51,"column":4},"end":{"line":55,"column":null}},{"start":{"line":53,"column":11},"end":{"line":55,"column":null}}]},"3":{"loc":{"start":{"line":60,"column":2},"end":{"line":62,"column":null}},"type":"if","locations":[{"start":{"line":60,"column":2},"end":{"line":62,"column":null}},{"start":{},"end":{}}]},"4":{"loc":{"start":{"line":68,"column":9},"end":{"line":68,"column":null}},"type":"binary-expr","locations":[{"start":{"line":68,"column":9},"end":{"line":68,"column":null}}]},"5":{"loc":{"start":{"line":85,"column":16},"end":{"line":87,"column":null}},"type":"cond-expr","locations":[{"start":{"line":86,"column":20},"end":{"line":86,"column":null}},{"start":{"line":87,"column":20},"end":{"line":87,"column":null}}]},"6":{"loc":{"start":{"line":90,"column":16},"end":{"line":92,"column":null}},"type":"cond-expr","locations":[{"start":{"line":91,"column":20},"end":{"line":91,"column":null}},{"start":{"line":92,"column":20},"end":{"line":92,"column":null}}]},"7":{"loc":{"start":{"line":91,"column":39},"end":{"line":91,"column":60}},"type":"binary-expr","locations":[{"start":{"line":91,"column":39},"end":{"line":91,"column":46}},{"start":{"line":91,"column":50},"end":{"line":91,"column":60}}]},"8":{"loc":{"start":{"line":100,"column":7},"end":{"line":100,"column":null}},"type":"binary-expr","locations":[{"start":{"line":100,"column":7},"end":{"line":100,"column":null}}]},"9":{"loc":{"start":{"line":102,"column":40},"end":{"line":102,"column":79}},"type":"cond-expr","locations":[{"start":{"line":102,"column":70},"end":{"line":102,"column":76}},{"start":{"line":102,"column":76},"end":{"line":102,"column":79}}]},"10":{"loc":{"start":{"line":102,"column":92},"end":{"line":102,"column":null}},"type":"cond-expr","locations":[{"start":{"line":102,"column":122},"end":{"line":102,"column":128}},{"start":{"line":102,"column":128},"end":{"line":102,"column":null}}]}},"s":{"0":14,"1":1,"2":1,"3":1,"4":40,"5":40,"6":40,"7":40,"8":40,"9":14,"10":14,"11":14,"12":6,"13":10,"14":10,"15":6,"16":14,"17":14,"18":14,"19":0,"20":5,"21":2,"22":5,"23":5,"24":1,"25":1,"26":6,"27":6,"28":5,"29":1,"30":6,"31":40,"32":21,"33":57,"34":57,"35":5},"f":{"0":40,"1":14,"2":10,"3":10,"4":14,"5":5,"6":2,"7":1,"8":6,"9":57,"10":5},"b":{"0":[6,8],"1":[1,4],"2":[5,1],"3":[21,19],"4":[19],"5":[16,41],"6":[16,41],"7":[16,0],"8":[19],"9":[4,7],"10":[4,7]}}
,"/home/vitor/Documents/financas-front/src/components/FiltrosPeriodo.tsx": {"path":"/home/vitor/Documents/financas-front/src/components/FiltrosPeriodo.tsx","statementMap":{"0":{"start":{"line":6,"column":24},"end":{"line":6,"column":null}},"1":{"start":{"line":3,"column":43},"end":{"line":3,"column":null}},"2":{"start":{"line":4,"column":38},"end":{"line":4,"column":null}},"3":{"start":{"line":7,"column":17},"end":{"line":7,"column":null}},"4":{"start":{"line":8,"column":23},"end":{"line":8,"column":null}},"5":{"start":{"line":11,"column":23},"end":{"line":12,"column":87}},"6":{"start":{"line":13,"column":25},"end":{"line":13,"column":null}},"7":{"start":{"line":14,"column":24},"end":{"line":14,"column":null}},"8":{"start":{"line":16,"column":14},"end":{"line":16,"column":null}},"9":{"start":{"line":17,"column":14},"end":{"line":17,"column":null}},"10":{"start":{"line":19,"column":30},"end":{"line":23,"column":null}},"11":{"start":{"line":20,"column":19},"end":{"line":20,"column":null}},"12":{"start":{"line":21,"column":4},"end":{"line":21,"column":null}},"13":{"start":{"line":22,"column":4},"end":{"line":22,"column":null}},"14":{"start":{"line":36,"column":29},"end":{"line":36,"column":null}}},"fnMap":{"0":{"name":"FiltrosPeriodo","decl":{"start":{"line":6,"column":24},"end":{"line":6,"column":null}},"loc":{"start":{"line":6,"column":24},"end":{"line":61,"column":null}}},"1":{"name":"(anonymous_2)","decl":{"start":{"line":19,"column":30},"end":{"line":19,"column":31}},"loc":{"start":{"line":19,"column":31},"end":{"line":23,"column":null}}},"2":{"name":"(anonymous_3)","decl":{"start":{"line":36,"column":22},"end":{"line":36,"column":23}},"loc":{"start":{"line":36,"column":29},"end":{"line":36,"column":null}}}},"branchMap":{"0":{"loc":{"start":{"line":11,"column":23},"end":{"line":12,"column":87}},"type":"binary-expr","locations":[{"start":{"line":11,"column":23},"end":{"line":11,"column":null}},{"start":{"line":12,"column":4},"end":{"line":12,"column":87}}]},"1":{"loc":{"start":{"line":13,"column":34},"end":{"line":13,"column":null}},"type":"binary-expr","locations":[{"start":{"line":13,"column":34},"end":{"line":13,"column":67}},{"start":{"line":13,"column":67},"end":{"line":13,"column":null}}]},"2":{"loc":{"start":{"line":14,"column":24},"end":{"line":14,"column":null}},"type":"binary-expr","locations":[{"start":{"line":14,"column":24},"end":{"line":14,"column":56}},{"start":{"line":14,"column":56},"end":{"line":14,"column":null}}]},"3":{"loc":{"start":{"line":53,"column":13},"end":{"line":55,"column":null}},"type":"cond-expr","locations":[{"start":{"line":54,"column":16},"end":{"line":54,"column":null}},{"start":{"line":55,"column":16},"end":{"line":55,"column":null}}]}},"s":{"0":9,"1":1,"2":1,"3":9,"4":9,"5":9,"6":9,"7":9,"8":9,"9":9,"10":9,"11":2,"12":2,"13":2,"14":2},"f":{"0":9,"1":2,"2":2},"b":{"0":[9,6],"1":[9,6],"2":[9,7],"3":[8,1]}}
,"/home/vitor/Documents/financas-front/src/components/FormularioConfiguracoes.tsx": {"path":"/home/vitor/Documents/financas-front/src/components/FormularioConfiguracoes.tsx","statementMap":{"0":{"start":{"line":14,"column":24},"end":{"line":14,"column":48}},"1":{"start":{"line":3,"column":40},"end":{"line":3,"column":null}},"2":{"start":{"line":4,"column":32},"end":{"line":4,"column":null}},"3":{"start":{"line":5,"column":22},"end":{"line":5,"column":null}},"4":{"start":{"line":6,"column":60},"end":{"line":6,"column":null}},"5":{"start":{"line":7,"column":38},"end":{"line":7,"column":null}},"6":{"start":{"line":18,"column":39},"end":{"line":18,"column":null}},"7":{"start":{"line":19,"column":34},"end":{"line":19,"column":null}},"8":{"start":{"line":20,"column":44},"end":{"line":20,"column":null}},"9":{"start":{"line":21,"column":23},"end":{"line":21,"column":null}},"10":{"start":{"line":24,"column":4},"end":{"line":24,"column":null}},"11":{"start":{"line":25,"column":21},"end":{"line":25,"column":null}},"12":{"start":{"line":26,"column":16},"end":{"line":26,"column":null}},"13":{"start":{"line":28,"column":4},"end":{"line":37,"column":null}},"14":{"start":{"line":29,"column":6},"end":{"line":36,"column":null}},"15":{"start":{"line":30,"column":8},"end":{"line":30,"column":null}},"16":{"start":{"line":31,"column":8},"end":{"line":31,"column":null}},"17":{"start":{"line":32,"column":8},"end":{"line":32,"column":null}},"18":{"start":{"line":34,"column":8},"end":{"line":34,"column":null}},"19":{"start":{"line":35,"column":8},"end":{"line":35,"column":null}},"20":{"start":{"line":41,"column":4},"end":{"line":41,"column":null}},"21":{"start":{"line":42,"column":21},"end":{"line":42,"column":null}},"22":{"start":{"line":43,"column":21},"end":{"line":43,"column":null}},"23":{"start":{"line":45,"column":4},"end":{"line":54,"column":null}},"24":{"start":{"line":46,"column":6},"end":{"line":53,"column":null}},"25":{"start":{"line":47,"column":8},"end":{"line":47,"column":null}},"26":{"start":{"line":48,"column":8},"end":{"line":48,"column":null}},"27":{"start":{"line":49,"column":8},"end":{"line":49,"column":null}},"28":{"start":{"line":51,"column":8},"end":{"line":51,"column":null}},"29":{"start":{"line":52,"column":8},"end":{"line":52,"column":null}},"30":{"start":{"line":58,"column":21},"end":{"line":58,"column":null}},"31":{"start":{"line":58,"column":58},"end":{"line":58,"column":null}},"32":{"start":{"line":84,"column":16},"end":{"line":84,"column":34}}},"fnMap":{"0":{"name":"FormularioConfiguracoes","decl":{"start":{"line":14,"column":24},"end":{"line":14,"column":48}},"loc":{"start":{"line":17,"column":31},"end":{"line":154,"column":null}}},"1":{"name":"handleSalvarDia","decl":{"start":{"line":23,"column":17},"end":{"line":23,"column":33}},"loc":{"start":{"line":23,"column":68},"end":{"line":38,"column":null}}},"2":{"name":"(anonymous_3)","decl":{"start":{"line":28,"column":20},"end":{"line":28,"column":null}},"loc":{"start":{"line":28,"column":20},"end":{"line":37,"column":null}}},"3":{"name":"handleSalvarCriterio","decl":{"start":{"line":40,"column":17},"end":{"line":40,"column":38}},"loc":{"start":{"line":40,"column":73},"end":{"line":55,"column":null}}},"4":{"name":"(anonymous_5)","decl":{"start":{"line":45,"column":20},"end":{"line":45,"column":null}},"loc":{"start":{"line":45,"column":20},"end":{"line":54,"column":null}}},"5":{"name":"(anonymous_6)","decl":{"start":{"line":58,"column":48},"end":{"line":58,"column":49}},"loc":{"start":{"line":58,"column":58},"end":{"line":58,"column":null}}},"6":{"name":"(anonymous_7)","decl":{"start":{"line":83,"column":30},"end":{"line":83,"column":null}},"loc":{"start":{"line":84,"column":16},"end":{"line":84,"column":34}}}},"branchMap":{"0":{"loc":{"start":{"line":35,"column":20},"end":{"line":35,"column":null}},"type":"cond-expr","locations":[{"start":{"line":35,"column":45},"end":{"line":35,"column":58}},{"start":{"line":35,"column":61},"end":{"line":35,"column":null}}]},"1":{"loc":{"start":{"line":52,"column":20},"end":{"line":52,"column":null}},"type":"cond-expr","locations":[{"start":{"line":52,"column":45},"end":{"line":52,"column":58}},{"start":{"line":52,"column":61},"end":{"line":52,"column":null}}]},"2":{"loc":{"start":{"line":96,"column":13},"end":{"line":96,"column":null}},"type":"cond-expr","locations":[{"start":{"line":96,"column":25},"end":{"line":96,"column":41}},{"start":{"line":96,"column":41},"end":{"line":96,"column":null}}]},"3":{"loc":{"start":{"line":148,"column":13},"end":{"line":148,"column":null}},"type":"cond-expr","locations":[{"start":{"line":148,"column":25},"end":{"line":148,"column":41}},{"start":{"line":148,"column":41},"end":{"line":148,"column":null}}]}},"s":{"0":13,"1":1,"2":1,"3":1,"4":1,"5":1,"6":29,"7":29,"8":29,"9":29,"10":3,"11":3,"12":3,"13":3,"14":3,"15":3,"16":2,"17":2,"18":1,"19":1,"20":3,"21":3,"22":3,"23":3,"24":3,"25":3,"26":2,"27":2,"28":1,"29":1,"30":29,"31":812,"32":812},"f":{"0":29,"1":3,"2":3,"3":3,"4":3,"5":812,"6":812},"b":{"0":[1,0],"1":[1,0],"2":[6,23],"3":[6,23]}}
,"/home/vitor/Documents/financas-front/src/components/FormularioNovaTag.tsx": {"path":"/home/vitor/Documents/financas-front/src/components/FormularioNovaTag.tsx","statementMap":{"0":{"start":{"line":7,"column":24},"end":{"line":7,"column":null}},"1":{"start":{"line":3,"column":40},"end":{"line":3,"column":null}},"2":{"start":{"line":4,"column":22},"end":{"line":4,"column":null}},"3":{"start":{"line":5,"column":31},"end":{"line":5,"column":null}},"4":{"start":{"line":8,"column":34},"end":{"line":8,"column":null}},"5":{"start":{"line":9,"column":39},"end":{"line":9,"column":null}},"6":{"start":{"line":12,"column":4},"end":{"line":12,"column":null}},"7":{"start":{"line":14,"column":17},"end":{"line":14,"column":32}},"8":{"start":{"line":15,"column":21},"end":{"line":15,"column":null}},"9":{"start":{"line":17,"column":4},"end":{"line":26,"column":null}},"10":{"start":{"line":18,"column":6},"end":{"line":25,"column":null}},"11":{"start":{"line":19,"column":8},"end":{"line":19,"column":null}},"12":{"start":{"line":20,"column":8},"end":{"line":20,"column":22}},"13":{"start":{"line":21,"column":8},"end":{"line":21,"column":null}},"14":{"start":{"line":23,"column":8},"end":{"line":23,"column":null}},"15":{"start":{"line":24,"column":8},"end":{"line":24,"column":null}},"16":{"start":{"line":33,"column":25},"end":{"line":33,"column":null}}},"fnMap":{"0":{"name":"FormularioNovaTag","decl":{"start":{"line":7,"column":24},"end":{"line":7,"column":null}},"loc":{"start":{"line":7,"column":24},"end":{"line":100,"column":null}}},"1":{"name":"handleSubmit","decl":{"start":{"line":11,"column":17},"end":{"line":11,"column":30}},"loc":{"start":{"line":11,"column":65},"end":{"line":27,"column":null}}},"2":{"name":"(anonymous_3)","decl":{"start":{"line":17,"column":20},"end":{"line":17,"column":null}},"loc":{"start":{"line":17,"column":20},"end":{"line":26,"column":null}}},"3":{"name":"(anonymous_4)","decl":{"start":{"line":33,"column":19},"end":{"line":33,"column":25}},"loc":{"start":{"line":33,"column":25},"end":{"line":33,"column":null}}}},"branchMap":{"0":{"loc":{"start":{"line":37,"column":11},"end":{"line":37,"column":null}},"type":"cond-expr","locations":[{"start":{"line":37,"column":22},"end":{"line":37,"column":35}},{"start":{"line":37,"column":35},"end":{"line":37,"column":null}}]},"1":{"loc":{"start":{"line":41,"column":7},"end":{"line":41,"column":null}},"type":"binary-expr","locations":[{"start":{"line":41,"column":7},"end":{"line":41,"column":null}}]},"2":{"loc":{"start":{"line":93,"column":15},"end":{"line":93,"column":null}},"type":"cond-expr","locations":[{"start":{"line":93,"column":27},"end":{"line":93,"column":42}},{"start":{"line":93,"column":42},"end":{"line":93,"column":null}}]}},"s":{"0":10,"1":1,"2":1,"3":1,"4":23,"5":23,"6":2,"7":2,"8":2,"9":2,"10":2,"11":2,"12":0,"13":0,"14":2,"15":2,"16":9},"f":{"0":23,"1":2,"2":2,"3":9},"b":{"0":[12,11],"1":[23],"2":[2,10]}}
,"/home/vitor/Documents/financas-front/src/components/ListaRegras.tsx": {"path":"/home/vitor/Documents/financas-front/src/components/ListaRegras.tsx","statementMap":{"0":{"start":{"line":18,"column":16},"end":{"line":18,"column":28}},"1":{"start":{"line":3,"column":40},"end":{"line":3,"column":null}},"2":{"start":{"line":4,"column":22},"end":{"line":4,"column":null}},"3":{"start":{"line":5,"column":46},"end":{"line":5,"column":null}},"4":{"start":{"line":11,"column":7},"end":{"line":11,"column":null}},"5":{"start":{"line":12,"column":33},"end":{"line":12,"column":null}},"6":{"start":{"line":19,"column":50},"end":{"line":19,"column":null}},"7":{"start":{"line":20,"column":50},"end":{"line":20,"column":null}},"8":{"start":{"line":21,"column":54},"end":{"line":21,"column":null}},"9":{"start":{"line":22,"column":46},"end":{"line":22,"column":null}},"10":{"start":{"line":23,"column":39},"end":{"line":23,"column":null}},"11":{"start":{"line":25,"column":28},"end":{"line":33,"column":null}},"12":{"start":{"line":26,"column":4},"end":{"line":32,"column":null}},"13":{"start":{"line":27,"column":6},"end":{"line":31,"column":null}},"14":{"start":{"line":28,"column":8},"end":{"line":28,"column":null}},"15":{"start":{"line":30,"column":8},"end":{"line":30,"column":null}},"16":{"start":{"line":35,"column":24},"end":{"line":45,"column":null}},"17":{"start":{"line":36,"column":4},"end":{"line":44,"column":null}},"18":{"start":{"line":37,"column":6},"end":{"line":43,"column":null}},"19":{"start":{"line":38,"column":8},"end":{"line":38,"column":null}},"20":{"start":{"line":39,"column":8},"end":{"line":39,"column":null}},"21":{"start":{"line":41,"column":8},"end":{"line":41,"column":null}},"22":{"start":{"line":42,"column":8},"end":{"line":42,"column":null}},"23":{"start":{"line":47,"column":39},"end":{"line":58,"column":null}},"24":{"start":{"line":48,"column":4},"end":{"line":57,"column":null}},"25":{"start":{"line":49,"column":6},"end":{"line":56,"column":null}},"26":{"start":{"line":50,"column":26},"end":{"line":50,"column":null}},"27":{"start":{"line":51,"column":8},"end":{"line":51,"column":null}},"28":{"start":{"line":52,"column":8},"end":{"line":52,"column":null}},"29":{"start":{"line":54,"column":8},"end":{"line":54,"column":null}},"30":{"start":{"line":55,"column":8},"end":{"line":55,"column":null}},"31":{"start":{"line":60,"column":33},"end":{"line":76,"column":null}},"32":{"start":{"line":61,"column":23},"end":{"line":61,"column":null}},"33":{"start":{"line":62,"column":4},"end":{"line":65,"column":null}},"34":{"start":{"line":63,"column":6},"end":{"line":63,"column":null}},"35":{"start":{"line":64,"column":6},"end":{"line":64,"column":null}},"36":{"start":{"line":67,"column":4},"end":{"line":75,"column":null}},"37":{"start":{"line":68,"column":6},"end":{"line":74,"column":null}},"38":{"start":{"line":69,"column":8},"end":{"line":69,"column":null}},"39":{"start":{"line":70,"column":8},"end":{"line":70,"column":null}},"40":{"start":{"line":71,"column":8},"end":{"line":71,"column":null}},"41":{"start":{"line":73,"column":8},"end":{"line":73,"column":null}},"42":{"start":{"line":78,"column":27},"end":{"line":89,"column":null}},"43":{"start":{"line":79,"column":4},"end":{"line":88,"column":null}},"44":{"start":{"line":81,"column":8},"end":{"line":81,"column":null}},"45":{"start":{"line":83,"column":8},"end":{"line":83,"column":null}},"46":{"start":{"line":85,"column":8},"end":{"line":85,"column":null}},"47":{"start":{"line":87,"column":8},"end":{"line":87,"column":null}},"48":{"start":{"line":91,"column":23},"end":{"line":107,"column":null}},"49":{"start":{"line":92,"column":4},"end":{"line":106,"column":null}},"50":{"start":{"line":94,"column":8},"end":{"line":94,"column":null}},"51":{"start":{"line":96,"column":8},"end":{"line":101,"column":null}},"52":{"start":{"line":97,"column":25},"end":{"line":97,"column":null}},"53":{"start":{"line":98,"column":10},"end":{"line":98,"column":null}},"54":{"start":{"line":100,"column":10},"end":{"line":100,"column":null}},"55":{"start":{"line":103,"column":8},"end":{"line":103,"column":null}},"56":{"start":{"line":105,"column":8},"end":{"line":105,"column":null}},"57":{"start":{"line":113,"column":10},"end":{"line":114,"column":null}},"58":{"start":{"line":156,"column":41},"end":{"line":156,"column":null}},"59":{"start":{"line":161,"column":39},"end":{"line":161,"column":null}},"60":{"start":{"line":169,"column":26},"end":{"line":169,"column":null}},"61":{"start":{"line":170,"column":26},"end":{"line":170,"column":null}},"62":{"start":{"line":183,"column":26},"end":{"line":183,"column":null}},"63":{"start":{"line":184,"column":26},"end":{"line":184,"column":null}},"64":{"start":{"line":199,"column":33},"end":{"line":199,"column":null}},"65":{"start":{"line":210,"column":33},"end":{"line":210,"column":null}},"66":{"start":{"line":217,"column":33},"end":{"line":217,"column":null}},"67":{"start":{"line":234,"column":29},"end":{"line":234,"column":null}},"68":{"start":{"line":235,"column":28},"end":{"line":235,"column":null}},"69":{"start":{"line":246,"column":29},"end":{"line":246,"column":null}},"70":{"start":{"line":247,"column":28},"end":{"line":247,"column":null}}},"fnMap":{"0":{"name":"ListaRegras","decl":{"start":{"line":18,"column":16},"end":{"line":18,"column":28}},"loc":{"start":{"line":18,"column":56},"end":{"line":254,"column":null}}},"1":{"name":"(anonymous_2)","decl":{"start":{"line":25,"column":28},"end":{"line":25,"column":29}},"loc":{"start":{"line":25,"column":29},"end":{"line":33,"column":null}}},"2":{"name":"(anonymous_3)","decl":{"start":{"line":26,"column":20},"end":{"line":26,"column":null}},"loc":{"start":{"line":26,"column":20},"end":{"line":32,"column":null}}},"3":{"name":"(anonymous_4)","decl":{"start":{"line":35,"column":24},"end":{"line":35,"column":25}},"loc":{"start":{"line":35,"column":25},"end":{"line":45,"column":null}}},"4":{"name":"(anonymous_5)","decl":{"start":{"line":36,"column":20},"end":{"line":36,"column":null}},"loc":{"start":{"line":36,"column":20},"end":{"line":44,"column":null}}},"5":{"name":"(anonymous_6)","decl":{"start":{"line":47,"column":39},"end":{"line":47,"column":40}},"loc":{"start":{"line":47,"column":40},"end":{"line":58,"column":null}}},"6":{"name":"(anonymous_7)","decl":{"start":{"line":48,"column":20},"end":{"line":48,"column":null}},"loc":{"start":{"line":48,"column":20},"end":{"line":57,"column":null}}},"7":{"name":"(anonymous_8)","decl":{"start":{"line":60,"column":33},"end":{"line":60,"column":34}},"loc":{"start":{"line":60,"column":34},"end":{"line":76,"column":null}}},"8":{"name":"(anonymous_9)","decl":{"start":{"line":67,"column":20},"end":{"line":67,"column":null}},"loc":{"start":{"line":67,"column":20},"end":{"line":75,"column":null}}},"9":{"name":"(anonymous_10)","decl":{"start":{"line":78,"column":27},"end":{"line":78,"column":28}},"loc":{"start":{"line":78,"column":48},"end":{"line":89,"column":null}}},"10":{"name":"(anonymous_11)","decl":{"start":{"line":91,"column":23},"end":{"line":91,"column":24}},"loc":{"start":{"line":91,"column":24},"end":{"line":107,"column":null}}},"11":{"name":"(anonymous_12)","decl":{"start":{"line":112,"column":20},"end":{"line":112,"column":21}},"loc":{"start":{"line":113,"column":10},"end":{"line":114,"column":null}}},"12":{"name":"(anonymous_13)","decl":{"start":{"line":156,"column":34},"end":{"line":156,"column":35}},"loc":{"start":{"line":156,"column":41},"end":{"line":156,"column":null}}},"13":{"name":"(anonymous_14)","decl":{"start":{"line":161,"column":33},"end":{"line":161,"column":39}},"loc":{"start":{"line":161,"column":39},"end":{"line":161,"column":null}}},"14":{"name":"(anonymous_15)","decl":{"start":{"line":168,"column":33},"end":{"line":168,"column":null}},"loc":{"start":{"line":168,"column":33},"end":{"line":171,"column":null}}},"15":{"name":"(anonymous_16)","decl":{"start":{"line":182,"column":33},"end":{"line":182,"column":null}},"loc":{"start":{"line":182,"column":33},"end":{"line":185,"column":null}}},"16":{"name":"(anonymous_17)","decl":{"start":{"line":199,"column":27},"end":{"line":199,"column":33}},"loc":{"start":{"line":199,"column":33},"end":{"line":199,"column":null}}},"17":{"name":"(anonymous_18)","decl":{"start":{"line":210,"column":27},"end":{"line":210,"column":33}},"loc":{"start":{"line":210,"column":33},"end":{"line":210,"column":null}}},"18":{"name":"(anonymous_19)","decl":{"start":{"line":217,"column":27},"end":{"line":217,"column":33}},"loc":{"start":{"line":217,"column":33},"end":{"line":217,"column":null}}},"19":{"name":"(anonymous_20)","decl":{"start":{"line":234,"column":23},"end":{"line":234,"column":29}},"loc":{"start":{"line":234,"column":29},"end":{"line":234,"column":null}}},"20":{"name":"(anonymous_21)","decl":{"start":{"line":235,"column":22},"end":{"line":235,"column":28}},"loc":{"start":{"line":235,"column":28},"end":{"line":235,"column":null}}},"21":{"name":"(anonymous_22)","decl":{"start":{"line":246,"column":23},"end":{"line":246,"column":29}},"loc":{"start":{"line":246,"column":29},"end":{"line":246,"column":null}}},"22":{"name":"(anonymous_23)","decl":{"start":{"line":247,"column":22},"end":{"line":247,"column":28}},"loc":{"start":{"line":247,"column":28},"end":{"line":247,"column":null}}}},"branchMap":{"0":{"loc":{"start":{"line":62,"column":4},"end":{"line":65,"column":null}},"type":"if","locations":[{"start":{"line":62,"column":4},"end":{"line":65,"column":null}},{"start":{},"end":{}}]},"1":{"loc":{"start":{"line":62,"column":8},"end":{"line":62,"column":45}},"type":"binary-expr","locations":[{"start":{"line":62,"column":8},"end":{"line":62,"column":29}},{"start":{"line":62,"column":29},"end":{"line":62,"column":45}}]},"2":{"loc":{"start":{"line":79,"column":4},"end":{"line":88,"column":null}},"type":"switch","locations":[{"start":{"line":80,"column":6},"end":{"line":81,"column":null}},{"start":{"line":82,"column":6},"end":{"line":83,"column":null}},{"start":{"line":84,"column":6},"end":{"line":85,"column":null}},{"start":{"line":86,"column":6},"end":{"line":87,"column":null}}]},"3":{"loc":{"start":{"line":92,"column":4},"end":{"line":106,"column":null}},"type":"switch","locations":[{"start":{"line":93,"column":6},"end":{"line":94,"column":null}},{"start":{"line":95,"column":6},"end":{"line":101,"column":null}},{"start":{"line":102,"column":6},"end":{"line":103,"column":null}},{"start":{"line":104,"column":6},"end":{"line":105,"column":null}}]},"4":{"loc":{"start":{"line":116,"column":14},"end":{"line":116,"column":null}},"type":"cond-expr","locations":[{"start":{"line":116,"column":28},"end":{"line":116,"column":49}},{"start":{"line":116,"column":49},"end":{"line":116,"column":null}}]},"5":{"loc":{"start":{"line":126,"column":22},"end":{"line":128,"column":null}},"type":"cond-expr","locations":[{"start":{"line":127,"column":26},"end":{"line":127,"column":null}},{"start":{"line":128,"column":26},"end":{"line":128,"column":null}}]},"6":{"loc":{"start":{"line":131,"column":21},"end":{"line":131,"column":null}},"type":"cond-expr","locations":[{"start":{"line":131,"column":35},"end":{"line":131,"column":47}},{"start":{"line":131,"column":47},"end":{"line":131,"column":null}}]},"7":{"loc":{"start":{"line":151,"column":20},"end":{"line":179,"column":21}},"type":"cond-expr","locations":[{"start":{"line":151,"column":20},"end":{"line":179,"column":21}}]},"8":{"loc":{"start":{"line":201,"column":20},"end":{"line":203,"column":null}},"type":"cond-expr","locations":[{"start":{"line":202,"column":24},"end":{"line":202,"column":null}},{"start":{"line":203,"column":24},"end":{"line":203,"column":null}}]},"9":{"loc":{"start":{"line":207,"column":19},"end":{"line":207,"column":null}},"type":"cond-expr","locations":[{"start":{"line":207,"column":33},"end":{"line":207,"column":47}},{"start":{"line":207,"column":47},"end":{"line":207,"column":null}}]},"10":{"loc":{"start":{"line":230,"column":7},"end":{"line":230,"column":null}},"type":"binary-expr","locations":[{"start":{"line":230,"column":7},"end":{"line":230,"column":null}}]},"11":{"loc":{"start":{"line":242,"column":7},"end":{"line":242,"column":null}},"type":"binary-expr","locations":[{"start":{"line":242,"column":7},"end":{"line":242,"column":null}}]}},"s":{"0":23,"1":1,"2":1,"3":1,"4":1,"5":1,"6":53,"7":53,"8":53,"9":53,"10":53,"11":53,"12":1,"13":1,"14":1,"15":0,"16":53,"17":1,"18":1,"19":1,"20":1,"21":0,"22":0,"23":53,"24":3,"25":3,"26":3,"27":2,"28":2,"29":1,"30":1,"31":53,"32":2,"33":2,"34":1,"35":1,"36":1,"37":1,"38":1,"39":1,"40":1,"41":0,"42":53,"43":55,"44":0,"45":49,"46":6,"47":0,"48":53,"49":55,"50":48,"51":6,"52":6,"53":6,"54":0,"55":1,"56":0,"57":55,"58":2,"59":2,"60":1,"61":1,"62":4,"63":4,"64":1,"65":4,"66":2,"67":1,"68":0,"69":3,"70":0},"f":{"0":53,"1":1,"2":1,"3":1,"4":1,"5":3,"6":3,"7":2,"8":1,"9":55,"10":55,"11":55,"12":2,"13":2,"14":1,"15":4,"16":1,"17":4,"18":2,"19":1,"20":0,"21":3,"22":0},"b":{"0":[1,1],"1":[2,2],"2":[0,49,6,0],"3":[48,6,1,0],"4":[49,6],"5":[49,6],"6":[49,6],"7":[8],"8":[49,6],"9":[49,6],"10":[53],"11":[53]}}
,"/home/vitor/Documents/financas-front/src/components/ListaTags.tsx": {"path":"/home/vitor/Documents/financas-front/src/components/ListaTags.tsx","statementMap":{"0":{"start":{"line":13,"column":24},"end":{"line":13,"column":34}},"1":{"start":{"line":3,"column":40},"end":{"line":3,"column":null}},"2":{"start":{"line":4,"column":22},"end":{"line":4,"column":null}},"3":{"start":{"line":5,"column":33},"end":{"line":5,"column":null}},"4":{"start":{"line":7,"column":33},"end":{"line":7,"column":null}},"5":{"start":{"line":14,"column":46},"end":{"line":14,"column":null}},"6":{"start":{"line":15,"column":39},"end":{"line":15,"column":null}},"7":{"start":{"line":18,"column":4},"end":{"line":18,"column":null}},"8":{"start":{"line":18,"column":25},"end":{"line":18,"column":null}},"9":{"start":{"line":20,"column":4},"end":{"line":29,"column":null}},"10":{"start":{"line":21,"column":6},"end":{"line":28,"column":null}},"11":{"start":{"line":22,"column":8},"end":{"line":22,"column":null}},"12":{"start":{"line":23,"column":8},"end":{"line":23,"column":null}},"13":{"start":{"line":25,"column":8},"end":{"line":25,"column":null}},"14":{"start":{"line":26,"column":8},"end":{"line":26,"column":null}},"15":{"start":{"line":27,"column":8},"end":{"line":27,"column":null}},"16":{"start":{"line":42,"column":12},"end":{"line":43,"column":null}},"17":{"start":{"line":59,"column":31},"end":{"line":59,"column":null}},"18":{"start":{"line":76,"column":28},"end":{"line":76,"column":null}}},"fnMap":{"0":{"name":"ListaTags","decl":{"start":{"line":13,"column":24},"end":{"line":13,"column":34}},"loc":{"start":{"line":13,"column":58},"end":{"line":84,"column":null}}},"1":{"name":"handleDelete","decl":{"start":{"line":17,"column":17},"end":{"line":17,"column":null}},"loc":{"start":{"line":17,"column":17},"end":{"line":30,"column":null}}},"2":{"name":"(anonymous_3)","decl":{"start":{"line":20,"column":20},"end":{"line":20,"column":null}},"loc":{"start":{"line":20,"column":20},"end":{"line":29,"column":null}}},"3":{"name":"(anonymous_4)","decl":{"start":{"line":41,"column":20},"end":{"line":41,"column":21}},"loc":{"start":{"line":42,"column":12},"end":{"line":43,"column":null}}},"4":{"name":"(anonymous_5)","decl":{"start":{"line":59,"column":25},"end":{"line":59,"column":31}},"loc":{"start":{"line":59,"column":31},"end":{"line":59,"column":null}}},"5":{"name":"(anonymous_6)","decl":{"start":{"line":76,"column":22},"end":{"line":76,"column":28}},"loc":{"start":{"line":76,"column":28},"end":{"line":76,"column":null}}}},"branchMap":{"0":{"loc":{"start":{"line":18,"column":4},"end":{"line":18,"column":null}},"type":"if","locations":[{"start":{"line":18,"column":4},"end":{"line":18,"column":null}},{"start":{},"end":{}}]},"1":{"loc":{"start":{"line":36,"column":8},"end":{"line":40,"column":9}},"type":"cond-expr","locations":[{"start":{"line":36,"column":8},"end":{"line":40,"column":9}}]},"2":{"loc":{"start":{"line":49,"column":44},"end":{"line":49,"column":65}},"type":"binary-expr","locations":[{"start":{"line":49,"column":44},"end":{"line":49,"column":51}},{"start":{"line":49,"column":55},"end":{"line":49,"column":65}}]},"3":{"loc":{"start":{"line":53,"column":19},"end":{"line":53,"column":32}},"type":"binary-expr","locations":[{"start":{"line":53,"column":19},"end":{"line":53,"column":32}}]},"4":{"loc":{"start":{"line":71,"column":7},"end":{"line":71,"column":null}},"type":"binary-expr","locations":[{"start":{"line":71,"column":7},"end":{"line":71,"column":null}}]}},"s":{"0":11,"1":1,"2":1,"3":1,"4":1,"5":20,"6":20,"7":1,"8":0,"9":1,"10":1,"11":1,"12":1,"13":0,"14":0,"15":0,"16":57,"17":5,"18":1},"f":{"0":20,"1":1,"2":1,"3":57,"4":5,"5":1},"b":{"0":[0,1],"1":[1],"2":[57,0],"3":[57],"4":[20]}}
,"/home/vitor/Documents/financas-front/src/components/ModalConfirmacao.tsx": {"path":"/home/vitor/Documents/financas-front/src/components/ModalConfirmacao.tsx","statementMap":{"0":{"start":{"line":14,"column":16},"end":{"line":14,"column":33}},"1":{"start":{"line":24,"column":29},"end":{"line":28,"column":null}},"2":{"start":{"line":25,"column":4},"end":{"line":27,"column":null}},"3":{"start":{"line":26,"column":6},"end":{"line":26,"column":null}},"4":{"start":{"line":30,"column":16},"end":{"line":49,"column":null}},"5":{"start":{"line":51,"column":17},"end":{"line":51,"column":28}}},"fnMap":{"0":{"name":"ModalConfirmacao","decl":{"start":{"line":14,"column":16},"end":{"line":14,"column":33}},"loc":{"start":{"line":23,"column":24},"end":{"line":89,"column":null}}},"1":{"name":"(anonymous_2)","decl":{"start":{"line":24,"column":29},"end":{"line":24,"column":30}},"loc":{"start":{"line":24,"column":30},"end":{"line":28,"column":null}}}},"branchMap":{"0":{"loc":{"start":{"line":19,"column":2},"end":{"line":19,"column":35}},"type":"default-arg","locations":[{"start":{"line":19,"column":24},"end":{"line":19,"column":35}}]},"1":{"loc":{"start":{"line":20,"column":2},"end":{"line":20,"column":33}},"type":"default-arg","locations":[{"start":{"line":20,"column":23},"end":{"line":20,"column":33}}]},"2":{"loc":{"start":{"line":21,"column":2},"end":{"line":21,"column":19}},"type":"default-arg","locations":[{"start":{"line":21,"column":14},"end":{"line":21,"column":19}}]},"3":{"loc":{"start":{"line":22,"column":2},"end":{"line":22,"column":15}},"type":"default-arg","locations":[{"start":{"line":22,"column":9},"end":{"line":22,"column":15}}]},"4":{"loc":{"start":{"line":25,"column":4},"end":{"line":27,"column":null}},"type":"if","locations":[{"start":{"line":25,"column":4},"end":{"line":27,"column":null}},{"start":{},"end":{}}]},"5":{"loc":{"start":{"line":25,"column":8},"end":{"line":25,"column":52}},"type":"binary-expr","locations":[{"start":{"line":25,"column":8},"end":{"line":25,"column":36}},{"start":{"line":25,"column":40},"end":{"line":25,"column":52}}]},"6":{"loc":{"start":{"line":83,"column":13},"end":{"line":83,"column":null}},"type":"cond-expr","locations":[{"start":{"line":83,"column":25},"end":{"line":83,"column":44}},{"start":{"line":83,"column":44},"end":{"line":83,"column":null}}]}},"s":{"0":58,"1":58,"2":17,"3":1,"4":58,"5":58},"f":{"0":58,"1":17},"b":{"0":[11],"1":[47],"2":[10],"3":[48],"4":[1,16],"5":[17,2],"6":[13,45]}}
,"/home/vitor/Documents/financas-front/src/components/ModalEditarCategoria.tsx": {"path":"/home/vitor/Documents/financas-front/src/components/ModalEditarCategoria.tsx","statementMap":{"0":{"start":{"line":17,"column":24},"end":{"line":17,"column":45}},"1":{"start":{"line":3,"column":36},"end":{"line":3,"column":null}},"2":{"start":{"line":4,"column":22},"end":{"line":4,"column":null}},"3":{"start":{"line":5,"column":34},"end":{"line":5,"column":null}},"4":{"start":{"line":6,"column":29},"end":{"line":6,"column":null}},"5":{"start":{"line":25,"column":36},"end":{"line":25,"column":null}},"6":{"start":{"line":26,"column":38},"end":{"line":26,"column":null}},"7":{"start":{"line":27,"column":52},"end":{"line":27,"column":null}},"8":{"start":{"line":28,"column":38},"end":{"line":28,"column":null}},"9":{"start":{"line":29,"column":38},"end":{"line":29,"column":null}},"10":{"start":{"line":30,"column":44},"end":{"line":30,"column":null}},"11":{"start":{"line":31,"column":36},"end":{"line":31,"column":null}},"12":{"start":{"line":32,"column":44},"end":{"line":32,"column":null}},"13":{"start":{"line":34,"column":2},"end":{"line":44,"column":null}},"14":{"start":{"line":35,"column":4},"end":{"line":43,"column":null}},"15":{"start":{"line":36,"column":6},"end":{"line":36,"column":null}},"16":{"start":{"line":37,"column":6},"end":{"line":37,"column":null}},"17":{"start":{"line":38,"column":6},"end":{"line":38,"column":null}},"18":{"start":{"line":39,"column":6},"end":{"line":39,"column":null}},"19":{"start":{"line":40,"column":6},"end":{"line":40,"column":null}},"20":{"start":{"line":41,"column":6},"end":{"line":41,"column":null}},"21":{"start":{"line":42,"column":6},"end":{"line":42,"column":null}},"22":{"start":{"line":46,"column":29},"end":{"line":56,"column":null}},"23":{"start":{"line":47,"column":4},"end":{"line":55,"column":null}},"24":{"start":{"line":48,"column":6},"end":{"line":48,"column":null}},"25":{"start":{"line":49,"column":19},"end":{"line":49,"column":null}},"26":{"start":{"line":50,"column":6},"end":{"line":50,"column":null}},"27":{"start":{"line":52,"column":6},"end":{"line":52,"column":null}},"28":{"start":{"line":54,"column":6},"end":{"line":54,"column":null}},"29":{"start":{"line":58,"column":31},"end":{"line":60,"column":null}},"30":{"start":{"line":59,"column":4},"end":{"line":59,"column":null}},"31":{"start":{"line":62,"column":23},"end":{"line":77,"column":null}},"32":{"start":{"line":63,"column":4},"end":{"line":63,"column":null}},"33":{"start":{"line":64,"column":4},"end":{"line":67,"column":null}},"34":{"start":{"line":65,"column":6},"end":{"line":65,"column":null}},"35":{"start":{"line":66,"column":6},"end":{"line":66,"column":null}},"36":{"start":{"line":68,"column":4},"end":{"line":71,"column":null}},"37":{"start":{"line":69,"column":6},"end":{"line":69,"column":null}},"38":{"start":{"line":70,"column":6},"end":{"line":70,"column":null}},"39":{"start":{"line":73,"column":23},"end":{"line":75,"column":null}},"40":{"start":{"line":76,"column":4},"end":{"line":76,"column":null}},"41":{"start":{"line":79,"column":29},"end":{"line":83,"column":null}},"42":{"start":{"line":80,"column":4},"end":{"line":82,"column":null}},"43":{"start":{"line":81,"column":6},"end":{"line":81,"column":null}},"44":{"start":{"line":85,"column":2},"end":{"line":85,"column":null}},"45":{"start":{"line":85,"column":15},"end":{"line":85,"column":null}},"46":{"start":{"line":106,"column":31},"end":{"line":106,"column":null}},"47":{"start":{"line":118,"column":31},"end":{"line":118,"column":null}},"48":{"start":{"line":145,"column":22},"end":{"line":146,"column":null}},"49":{"start":{"line":148,"column":39},"end":{"line":148,"column":null}},"50":{"start":{"line":176,"column":35},"end":{"line":176,"column":null}},"51":{"start":{"line":212,"column":20},"end":{"line":213,"column":null}},"52":{"start":{"line":216,"column":24},"end":{"line":216,"column":null}},"53":{"start":{"line":217,"column":24},"end":{"line":217,"column":null}},"54":{"start":{"line":236,"column":33},"end":{"line":236,"column":null}},"55":{"start":{"line":254,"column":37},"end":{"line":254,"column":null}},"56":{"start":{"line":267,"column":37},"end":{"line":267,"column":null}},"57":{"start":{"line":294,"column":39},"end":{"line":294,"column":null}}},"fnMap":{"0":{"name":"ModalEditarCategoria","decl":{"start":{"line":17,"column":24},"end":{"line":17,"column":45}},"loc":{"start":{"line":24,"column":28},"end":{"line":336,"column":null}}},"1":{"name":"(anonymous_2)","decl":{"start":{"line":34,"column":12},"end":{"line":34,"column":null}},"loc":{"start":{"line":34,"column":12},"end":{"line":44,"column":5}}},"2":{"name":"(anonymous_3)","decl":{"start":{"line":46,"column":29},"end":{"line":46,"column":null}},"loc":{"start":{"line":46,"column":29},"end":{"line":56,"column":null}}},"3":{"name":"(anonymous_4)","decl":{"start":{"line":58,"column":31},"end":{"line":58,"column":null}},"loc":{"start":{"line":58,"column":31},"end":{"line":60,"column":null}}},"4":{"name":"(anonymous_5)","decl":{"start":{"line":62,"column":23},"end":{"line":62,"column":30}},"loc":{"start":{"line":62,"column":30},"end":{"line":77,"column":null}}},"5":{"name":"(anonymous_6)","decl":{"start":{"line":79,"column":29},"end":{"line":79,"column":30}},"loc":{"start":{"line":79,"column":30},"end":{"line":83,"column":null}}},"6":{"name":"(anonymous_7)","decl":{"start":{"line":106,"column":25},"end":{"line":106,"column":31}},"loc":{"start":{"line":106,"column":31},"end":{"line":106,"column":null}}},"7":{"name":"(anonymous_8)","decl":{"start":{"line":118,"column":25},"end":{"line":118,"column":31}},"loc":{"start":{"line":118,"column":31},"end":{"line":118,"column":null}}},"8":{"name":"(anonymous_9)","decl":{"start":{"line":144,"column":36},"end":{"line":144,"column":37}},"loc":{"start":{"line":145,"column":22},"end":{"line":146,"column":null}}},"9":{"name":"(anonymous_10)","decl":{"start":{"line":148,"column":33},"end":{"line":148,"column":39}},"loc":{"start":{"line":148,"column":39},"end":{"line":148,"column":null}}},"10":{"name":"(anonymous_11)","decl":{"start":{"line":176,"column":28},"end":{"line":176,"column":29}},"loc":{"start":{"line":176,"column":35},"end":{"line":176,"column":null}}},"11":{"name":"(anonymous_12)","decl":{"start":{"line":211,"column":24},"end":{"line":211,"column":25}},"loc":{"start":{"line":212,"column":20},"end":{"line":213,"column":null}}},"12":{"name":"(anonymous_13)","decl":{"start":{"line":215,"column":31},"end":{"line":215,"column":null}},"loc":{"start":{"line":215,"column":31},"end":{"line":218,"column":null}}},"13":{"name":"(anonymous_14)","decl":{"start":{"line":236,"column":26},"end":{"line":236,"column":27}},"loc":{"start":{"line":236,"column":33},"end":{"line":236,"column":null}}},"14":{"name":"(anonymous_15)","decl":{"start":{"line":254,"column":30},"end":{"line":254,"column":31}},"loc":{"start":{"line":254,"column":37},"end":{"line":254,"column":null}}},"15":{"name":"(anonymous_16)","decl":{"start":{"line":267,"column":30},"end":{"line":267,"column":31}},"loc":{"start":{"line":267,"column":37},"end":{"line":267,"column":null}}},"16":{"name":"(anonymous_17)","decl":{"start":{"line":294,"column":32},"end":{"line":294,"column":33}},"loc":{"start":{"line":294,"column":39},"end":{"line":294,"column":null}}}},"branchMap":{"0":{"loc":{"start":{"line":35,"column":4},"end":{"line":43,"column":null}},"type":"if","locations":[{"start":{"line":35,"column":4},"end":{"line":43,"column":null}},{"start":{},"end":{}}]},"1":{"loc":{"start":{"line":64,"column":4},"end":{"line":67,"column":null}},"type":"if","locations":[{"start":{"line":64,"column":4},"end":{"line":67,"column":null}},{"start":{},"end":{}}]},"2":{"loc":{"start":{"line":68,"column":4},"end":{"line":71,"column":null}},"type":"if","locations":[{"start":{"line":68,"column":4},"end":{"line":71,"column":null}},{"start":{},"end":{}}]},"3":{"loc":{"start":{"line":68,"column":8},"end":{"line":68,"column":45}},"type":"binary-expr","locations":[{"start":{"line":68,"column":8},"end":{"line":68,"column":22}},{"start":{"line":68,"column":22},"end":{"line":68,"column":45}}]},"4":{"loc":{"start":{"line":73,"column":23},"end":{"line":75,"column":null}},"type":"cond-expr","locations":[{"start":{"line":74,"column":8},"end":{"line":74,"column":null}},{"start":{"line":75,"column":8},"end":{"line":75,"column":null}}]},"5":{"loc":{"start":{"line":74,"column":46},"end":{"line":74,"column":90}},"type":"binary-expr","locations":[{"start":{"line":74,"column":46},"end":{"line":74,"column":66}},{"start":{"line":74,"column":66},"end":{"line":74,"column":90}}]},"6":{"loc":{"start":{"line":80,"column":4},"end":{"line":82,"column":null}},"type":"if","locations":[{"start":{"line":80,"column":4},"end":{"line":82,"column":null}},{"start":{},"end":{}}]},"7":{"loc":{"start":{"line":80,"column":8},"end":{"line":80,"column":52}},"type":"binary-expr","locations":[{"start":{"line":80,"column":8},"end":{"line":80,"column":36}},{"start":{"line":80,"column":40},"end":{"line":80,"column":52}}]},"8":{"loc":{"start":{"line":85,"column":2},"end":{"line":85,"column":null}},"type":"if","locations":[{"start":{"line":85,"column":2},"end":{"line":85,"column":null}},{"start":{},"end":{}}]},"9":{"loc":{"start":{"line":96,"column":30},"end":{"line":96,"column":null}},"type":"binary-expr","locations":[{"start":{"line":96,"column":30},"end":{"line":96,"column":48}},{"start":{"line":96,"column":48},"end":{"line":96,"column":null}}]},"10":{"loc":{"start":{"line":108,"column":18},"end":{"line":110,"column":null}},"type":"cond-expr","locations":[{"start":{"line":109,"column":22},"end":{"line":109,"column":null}},{"start":{"line":110,"column":22},"end":{"line":110,"column":null}}]},"11":{"loc":{"start":{"line":120,"column":18},"end":{"line":122,"column":null}},"type":"cond-expr","locations":[{"start":{"line":121,"column":22},"end":{"line":121,"column":null}},{"start":{"line":122,"column":22},"end":{"line":122,"column":null}}]},"12":{"loc":{"start":{"line":131,"column":13},"end":{"line":131,"column":null}},"type":"binary-expr","locations":[{"start":{"line":131,"column":13},"end":{"line":131,"column":null}}]},"13":{"loc":{"start":{"line":137,"column":18},"end":{"line":138,"column":31}},"type":"cond-expr","locations":[{"start":{"line":137,"column":18},"end":{"line":138,"column":31}}]},"14":{"loc":{"start":{"line":139,"column":18},"end":{"line":143,"column":19}},"type":"cond-expr","locations":[{"start":{"line":139,"column":18},"end":{"line":143,"column":19}}]},"15":{"loc":{"start":{"line":150,"column":26},"end":{"line":152,"column":null}},"type":"cond-expr","locations":[{"start":{"line":151,"column":30},"end":{"line":151,"column":null}},{"start":{"line":152,"column":30},"end":{"line":152,"column":null}}]},"16":{"loc":{"start":{"line":157,"column":25},"end":{"line":157,"column":null}},"type":"binary-expr","locations":[{"start":{"line":157,"column":25},"end":{"line":157,"column":null}}]},"17":{"loc":{"start":{"line":168,"column":13},"end":{"line":168,"column":null}},"type":"binary-expr","locations":[{"start":{"line":168,"column":13},"end":{"line":168,"column":null}}]},"18":{"loc":{"start":{"line":186,"column":13},"end":{"line":186,"column":26}},"type":"binary-expr","locations":[{"start":{"line":186,"column":13},"end":{"line":186,"column":26}},{"start":{"line":186,"column":26},"end":{"line":186,"column":null}}]},"19":{"loc":{"start":{"line":196,"column":13},"end":{"line":196,"column":28}},"type":"binary-expr","locations":[{"start":{"line":196,"column":13},"end":{"line":196,"column":28}},{"start":{"line":196,"column":28},"end":{"line":196,"column":null}}]},"20":{"loc":{"start":{"line":245,"column":13},"end":{"line":245,"column":null}},"type":"binary-expr","locations":[{"start":{"line":245,"column":13},"end":{"line":245,"column":null}}]},"21":{"loc":{"start":{"line":277,"column":21},"end":{"line":277,"column":null}},"type":"binary-expr","locations":[{"start":{"line":277,"column":21},"end":{"line":277,"column":null}}]},"22":{"loc":{"start":{"line":286,"column":17},"end":{"line":286,"column":64}},"type":"binary-expr","locations":[{"start":{"line":286,"column":17},"end":{"line":286,"column":64}}]},"23":{"loc":{"start":{"line":327,"column":24},"end":{"line":327,"column":null}},"type":"binary-expr","locations":[{"start":{"line":327,"column":24},"end":{"line":327,"column":37}},{"start":{"line":327,"column":37},"end":{"line":327,"column":58}},{"start":{"line":327,"column":58},"end":{"line":327,"column":null}}]},"24":{"loc":{"start":{"line":329,"column":15},"end":{"line":329,"column":null}},"type":"cond-expr","locations":[{"start":{"line":329,"column":27},"end":{"line":329,"column":43}},{"start":{"line":329,"column":43},"end":{"line":329,"column":null}}]},"25":{"loc":{"start":{"line":329,"column":43},"end":{"line":329,"column":null}},"type":"cond-expr","locations":[{"start":{"line":329,"column":56},"end":{"line":329,"column":81}},{"start":{"line":329,"column":81},"end":{"line":329,"column":null}}]}},"s":{"0":30,"1":2,"2":2,"3":2,"4":2,"5":46,"6":46,"7":46,"8":46,"9":46,"10":46,"11":46,"12":46,"13":46,"14":28,"15":12,"16":12,"17":12,"18":12,"19":12,"20":12,"21":12,"22":46,"23":12,"24":12,"25":12,"26":10,"27":0,"28":10,"29":46,"30":0,"31":46,"32":2,"33":2,"34":0,"35":0,"36":2,"37":0,"38":0,"39":2,"40":2,"41":46,"42":6,"43":0,"44":46,"45":18,"46":0,"47":0,"48":32,"49":0,"50":0,"51":112,"52":2,"53":2,"54":1,"55":0,"56":0,"57":0},"f":{"0":46,"1":28,"2":12,"3":0,"4":2,"5":6,"6":0,"7":0,"8":32,"9":0,"10":0,"11":112,"12":2,"13":1,"14":0,"15":0,"16":0},"b":{"0":[12,16],"1":[0,2],"2":[0,2],"3":[2,0],"4":[0,2],"5":[0,0],"6":[0,6],"7":[6,0],"8":[18,28],"9":[28,2],"10":[22,6],"11":[6,22],"12":[28],"13":[14],"14":[0],"15":[7,25],"16":[32],"17":[28],"18":[28,26],"19":[28,22],"20":[28],"21":[3],"22":[3],"23":[28,26,24],"24":[2,26],"25":[3,23]}}
[...]
t":{"line":53,"column":4},"end":{"line":59,"column":null}},"20":{"start":{"line":54,"column":6},"end":{"line":54,"column":null}},"21":{"start":{"line":55,"column":11},"end":{"line":59,"column":null}},"22":{"start":{"line":56,"column":6},"end":{"line":56,"column":null}},"23":{"start":{"line":57,"column":11},"end":{"line":59,"column":null}},"24":{"start":{"line":58,"column":6},"end":{"line":58,"column":null}},"25":{"start":{"line":61,"column":4},"end":{"line":61,"column":null}},"26":{"start":{"line":64,"column":23},"end":{"line":85,"column":null}},"27":{"start":{"line":65,"column":4},"end":{"line":65,"column":null}},"28":{"start":{"line":67,"column":4},"end":{"line":70,"column":null}},"29":{"start":{"line":68,"column":6},"end":{"line":68,"column":null}},"30":{"start":{"line":69,"column":6},"end":{"line":69,"column":null}},"31":{"start":{"line":72,"column":22},"end":{"line":72,"column":null}},"32":{"start":{"line":73,"column":23},"end":{"line":73,"column":null}},"33":{"start":{"line":75,"column":23},"end":{"line":82,"column":null}},"34":{"start":{"line":84,"column":4},"end":{"line":84,"column":null}},"35":{"start":{"line":87,"column":26},"end":{"line":90,"column":null}},"36":{"start":{"line":88,"column":4},"end":{"line":88,"column":null}},"37":{"start":{"line":88,"column":22},"end":{"line":88,"column":null}},"38":{"start":{"line":89,"column":4},"end":{"line":89,"column":null}},"39":{"start":{"line":92,"column":29},"end":{"line":96,"column":null}},"40":{"start":{"line":93,"column":4},"end":{"line":95,"column":null}},"41":{"start":{"line":94,"column":6},"end":{"line":94,"column":null}},"42":{"start":{"line":98,"column":24},"end":{"line":103,"column":null}},"43":{"start":{"line":99,"column":4},"end":{"line":102,"column":null}},"44":{"start":{"line":105,"column":20},"end":{"line":105,"column":null}},"45":{"start":{"line":106,"column":21},"end":{"line":106,"column":null}},"46":{"start":{"line":154,"column":35},"end":{"line":154,"column":null}},"47":{"start":{"line":173,"column":33},"end":{"line":173,"column":null}},"48":{"start":{"line":184,"column":33},"end":{"line":184,"column":null}},"49":{"start":{"line":195,"column":33},"end":{"line":195,"column":null}},"50":{"start":{"line":236,"column":35},"end":{"line":236,"column":null}},"51":{"start":{"line":254,"column":39},"end":{"line":254,"column":null}},"52":{"start":{"line":267,"column":39},"end":{"line":267,"column":null}},"53":{"start":{"line":294,"column":41},"end":{"line":294,"column":null}}},"fnMap":{"0":{"name":"ModalEditarValor","decl":{"start":{"line":22,"column":24},"end":{"line":22,"column":41}},"loc":{"start":{"line":32,"column":24},"end":{"line":338,"column":null}}},"1":{"name":"(anonymous_2)","decl":{"start":{"line":41,"column":28},"end":{"line":41,"column":29}},"loc":{"start":{"line":41,"column":29},"end":{"line":46,"column":null}}},"2":{"name":"(anonymous_3)","decl":{"start":{"line":48,"column":31},"end":{"line":48,"column":null}},"loc":{"start":{"line":48,"column":31},"end":{"line":62,"column":null}}},"3":{"name":"(anonymous_4)","decl":{"start":{"line":64,"column":23},"end":{"line":64,"column":30}},"loc":{"start":{"line":64,"column":30},"end":{"line":85,"column":null}}},"4":{"name":"(anonymous_5)","decl":{"start":{"line":87,"column":26},"end":{"line":87,"column":null}},"loc":{"start":{"line":87,"column":26},"end":{"line":90,"column":null}}},"5":{"name":"(anonymous_6)","decl":{"start":{"line":92,"column":29},"end":{"line":92,"column":30}},"loc":{"start":{"line":92,"column":30},"end":{"line":96,"column":null}}},"6":{"name":"(anonymous_7)","decl":{"start":{"line":98,"column":24},"end":{"line":98,"column":25}},"loc":{"start":{"line":98,"column":25},"end":{"line":103,"column":null}}},"7":{"name":"(anonymous_8)","decl":{"start":{"line":154,"column":28},"end":{"line":154,"column":29}},"loc":{"start":{"line":154,"column":35},"end":{"line":154,"column":null}}},"8":{"name":"(anonymous_9)","decl":{"start":{"line":173,"column":27},"end":{"line":173,"column":33}},"loc":{"start":{"line":173,"column":33},"end":{"line":173,"column":null}}},"9":{"name":"(anonymous_10)","decl":{"start":{"line":184,"column":27},"end":{"line":184,"column":33}},"loc":{"start":{"line":184,"column":33},"end":{"line":184,"column":null}}},"10":{"name":"(anonymous_11)","decl":{"start":{"line":195,"column":27},"end":{"line":195,"column":33}},"loc":{"start":{"line":195,"column":33},"end":{"line":195,"column":null}}},"11":{"name":"(anonymous_12)","decl":{"start":{"line":236,"column":28},"end":{"line":236,"column":29}},"loc":{"start":{"line":236,"column":35},"end":{"line":236,"column":null}}},"12":{"name":"(anonymous_13)","decl":{"start":{"line":254,"column":32},"end":{"line":254,"column":33}},"loc":{"start":{"line":254,"column":39},"end":{"line":254,"column":null}}},"13":{"name":"(anonymous_14)","decl":{"start":{"line":267,"column":32},"end":{"line":267,"column":33}},"loc":{"start":{"line":267,"column":39},"end":{"line":267,"column":null}}},"14":{"name":"(anonymous_15)","decl":{"start":{"line":294,"column":34},"end":{"line":294,"column":35}},"loc":{"start":{"line":294,"column":41},"end":{"line":294,"column":null}}}},"branchMap":{"0":{"loc":{"start":{"line":39,"column":2},"end":{"line":39,"column":null}},"type":"if","locations":[{"start":{"line":39,"column":2},"end":{"line":39,"column":null}},{"start":{},"end":{}}]},"1":{"loc":{"start":{"line":43,"column":22},"end":{"line":43,"column":null}},"type":"binary-expr","locations":[{"start":{"line":43,"column":22},"end":{"line":43,"column":39}},{"start":{"line":43,"column":39},"end":{"line":43,"column":null}}]},"2":{"loc":{"start":{"line":49,"column":22},"end":{"line":49,"column":null}},"type":"binary-expr","locations":[{"start":{"line":49,"column":22},"end":{"line":49,"column":39}},{"start":{"line":49,"column":39},"end":{"line":49,"column":null}}]},"3":{"loc":{"start":{"line":53,"column":4},"end":{"line":59,"column":null}},"type":"if","locations":[{"start":{"line":53,"column":4},"end":{"line":59,"column":null}},{"start":{"line":55,"column":11},"end":{"line":59,"column":null}}]},"4":{"loc":{"start":{"line":55,"column":11},"end":{"line":59,"column":null}},"type":"if","locations":[{"start":{"line":55,"column":11},"end":{"line":59,"column":null}},{"start":{"line":57,"column":11},"end":{"line":59,"column":null}}]},"5":{"loc":{"start":{"line":57,"column":11},"end":{"line":59,"column":null}},"type":"if","locations":[{"start":{"line":57,"column":11},"end":{"line":59,"column":null}},{"start":{},"end":{}}]},"6":{"loc":{"start":{"line":57,"column":15},"end":{"line":57,"column":75}},"type":"binary-expr","locations":[{"start":{"line":57,"column":15},"end":{"line":57,"column":55}},{"start":{"line":57,"column":59},"end":{"line":57,"column":75}}]},"7":{"loc":{"start":{"line":67,"column":4},"end":{"line":70,"column":null}},"type":"if","locations":[{"start":{"line":67,"column":4},"end":{"line":70,"column":null}},{"start":{},"end":{}}]},"8":{"loc":{"start":{"line":67,"column":8},"end":{"line":67,"column":45}},"type":"binary-expr","locations":[{"start":{"line":67,"column":8},"end":{"line":67,"column":22}},{"start":{"line":67,"column":22},"end":{"line":67,"column":45}}]},"9":{"loc":{"start":{"line":72,"column":22},"end":{"line":72,"column":null}},"type":"binary-expr","locations":[{"start":{"line":72,"column":22},"end":{"line":72,"column":39}},{"start":{"line":72,"column":39},"end":{"line":72,"column":null}}]},"10":{"loc":{"start":{"line":75,"column":23},"end":{"line":82,"column":null}},"type":"cond-expr","locations":[{"start":{"line":76,"column":8},"end":{"line":81,"column":null}},{"start":{"line":82,"column":8},"end":{"line":82,"column":null}}]},"11":{"loc":{"start":{"line":78,"column":21},"end":{"line":78,"column":null}},"type":"binary-expr","locations":[{"start":{"line":78,"column":21},"end":{"line":78,"column":41}},{"start":{"line":78,"column":41},"end":{"line":78,"column":null}}]},"12":{"loc":{"start":{"line":88,"column":4},"end":{"line":88,"column":null}},"type":"if","locations":[{"start":{"line":88,"column":4},"end":{"line":88,"column":null}},{"start":{},"end":{}}]},"13":{"loc":{"start":{"line":93,"column":4},"end":{"line":95,"column":null}},"type":"if","locations":[{"start":{"line":93,"column":4},"end":{"line":95,"column":null}},{"start":{},"end":{}}]},"14":{"loc":{"start":{"line":93,"column":8},"end":{"line":93,"column":52}},"type":"binary-expr","locations":[{"start":{"line":93,"column":8},"end":{"line":93,"column":36}},{"start":{"line":93,"column":40},"end":{"line":93,"column":52}}]},"15":{"loc":{"start":{"line":105,"column":20},"end":{"line":105,"column":null}},"type":"binary-expr","locations":[{"start":{"line":105,"column":20},"end":{"line":105,"column":37}},{"start":{"line":105,"column":37},"end":{"line":105,"column":null}}]},"16":{"loc":{"start":{"line":106,"column":21},"end":{"line":106,"column":null}},"type":"binary-expr","locations":[{"start":{"line":106,"column":21},"end":{"line":106,"column":52}},{"start":{"line":106,"column":52},"end":{"line":106,"column":null}}]},"17":{"loc":{"start":{"line":120,"column":13},"end":{"line":120,"column":27}},"type":"binary-expr","locations":[{"start":{"line":120,"column":13},"end":{"line":120,"column":27}},{"start":{"line":120,"column":27},"end":{"line":120,"column":null}}]},"18":{"loc":{"start":{"line":125,"column":17},"end":{"line":125,"column":null}},"type":"binary-expr","locations":[{"start":{"line":125,"column":17},"end":{"line":125,"column":null}}]},"19":{"loc":{"start":{"line":154,"column":44},"end":{"line":154,"column":null}},"type":"binary-expr","locations":[{"start":{"line":154,"column":44},"end":{"line":154,"column":74}},{"start":{"line":154,"column":74},"end":{"line":154,"column":null}}]},"20":{"loc":{"start":{"line":206,"column":87},"end":{"line":206,"column":null}},"type":"cond-expr","locations":[{"start":{"line":206,"column":100},"end":{"line":206,"column":113}},{"start":{"line":206,"column":113},"end":{"line":206,"column":null}}]},"21":{"loc":{"start":{"line":211,"column":13},"end":{"line":211,"column":null}},"type":"binary-expr","locations":[{"start":{"line":211,"column":13},"end":{"line":211,"column":null}}]},"22":{"loc":{"start":{"line":218,"column":20},"end":{"line":218,"column":null}},"type":"cond-expr","locations":[{"start":{"line":218,"column":41},"end":{"line":218,"column":58}},{"start":{"line":218,"column":58},"end":{"line":218,"column":null}}]},"23":{"loc":{"start":{"line":221,"column":19},"end":{"line":221,"column":null}},"type":"cond-expr","locations":[{"start":{"line":221,"column":40},"end":{"line":221,"column":46}},{"start":{"line":221,"column":46},"end":{"line":221,"column":null}}]},"24":{"loc":{"start":{"line":225,"column":82},"end":{"line":225,"column":null}},"type":"cond-expr","locations":[{"start":{"line":225,"column":95},"end":{"line":225,"column":108}},{"start":{"line":225,"column":108},"end":{"line":225,"column":null}}]},"25":{"loc":{"start":{"line":245,"column":15},"end":{"line":245,"column":null}},"type":"binary-expr","locations":[{"start":{"line":245,"column":15},"end":{"line":245,"column":null}}]},"26":{"loc":{"start":{"line":277,"column":23},"end":{"line":277,"column":null}},"type":"binary-expr","locations":[{"start":{"line":277,"column":23},"end":{"line":277,"column":null}}]},"27":{"loc":{"start":{"line":286,"column":19},"end":{"line":286,"column":66}},"type":"binary-expr","locations":[{"start":{"line":286,"column":19},"end":{"line":286,"column":66}}]},"28":{"loc":{"start":{"line":329,"column":24},"end":{"line":329,"column":null}},"type":"binary-expr","locations":[{"start":{"line":329,"column":24},"end":{"line":329,"column":37}},{"start":{"line":329,"column":37},"end":{"line":329,"column":null}}]},"29":{"loc":{"start":{"line":331,"column":15},"end":{"line":331,"column":null}},"type":"cond-expr","locations":[{"start":{"line":331,"column":27},"end":{"line":331,"column":43}},{"start":{"line":331,"column":43},"end":{"line":331,"column":null}}]},"30":{"loc":{"start":{"line":331,"column":43},"end":{"line":331,"column":null}},"type":"cond-expr","locations":[{"start":{"line":331,"column":56},"end":{"line":331,"column":81}},{"start":{"line":331,"column":81},"end":{"line":331,"column":null}}]}},"s":{"0":33,"1":2,"2":2,"3":2,"4":36,"5":36,"6":36,"7":36,"8":36,"9":36,"10":19,"11":17,"12":1,"13":1,"14":1,"15":17,"16":0,"17":0,"18":0,"19":0,"20":0,"21":0,"22":0,"23":0,"24":0,"25":0,"26":17,"27":2,"28":2,"29":0,"30":0,"31":2,"32":2,"33":2,"34":2,"35":17,"36":0,"37":0,"38":0,"39":17,"40":3,"41":0,"42":17,"43":90,"44":17,"45":17,"46":2,"47":0,"48":1,"49":0,"50":0,"51":0,"52":0,"53":0},"f":{"0":36,"1":1,"2":0,"3":2,"4":0,"5":3,"6":90,"7":2,"8":0,"9":1,"10":0,"11":0,"12":0,"13":0,"14":0},"b":{"0":[19,17],"1":[1,1],"2":[0,0],"3":[0,0],"4":[0,0],"5":[0,0],"6":[0,0],"7":[0,2],"8":[2,0],"9":[2,2],"10":[0,2],"11":[0,0],"12":[0,0],"13":[0,3],"14":[3,0],"15":[17,15],"16":[17,2],"17":[17,2],"18":[2],"19":[2,0],"20":[2,15],"21":[17],"22":[2,1],"23":[2,1],"24":[0,3],"25":[17],"26":[0],"27":[0],"28":[17,16],"29":[1,16],"30":[0,16]}}
,"/home/vitor/Documents/financas-front/src/components/NavegacaoPrincipal.tsx": {"path":"/home/vitor/Documents/financas-front/src/components/NavegacaoPrincipal.tsx","statementMap":{"0":{"start":{"line":6,"column":16},"end":{"line":6,"column":null}},"1":{"start":{"line":3,"column":17},"end":{"line":3,"column":null}},"2":{"start":{"line":4,"column":45},"end":{"line":4,"column":null}},"3":{"start":{"line":7,"column":19},"end":{"line":7,"column":null}},"4":{"start":{"line":8,"column":23},"end":{"line":8,"column":null}},"5":{"start":{"line":12,"column":31},"end":{"line":26,"column":null}},"6":{"start":{"line":14,"column":19},"end":{"line":14,"column":null}},"7":{"start":{"line":15,"column":20},"end":{"line":15,"column":null}},"8":{"start":{"line":16,"column":22},"end":{"line":16,"column":null}},"9":{"start":{"line":17,"column":21},"end":{"line":17,"column":null}},"10":{"start":{"line":18,"column":17},"end":{"line":18,"column":null}},"11":{"start":{"line":20,"column":4},"end":{"line":20,"column":null}},"12":{"start":{"line":20,"column":17},"end":{"line":20,"column":null}},"13":{"start":{"line":21,"column":4},"end":{"line":21,"column":null}},"14":{"start":{"line":21,"column":19},"end":{"line":21,"column":null}},"15":{"start":{"line":22,"column":4},"end":{"line":22,"column":null}},"16":{"start":{"line":22,"column":18},"end":{"line":22,"column":null}},"17":{"start":{"line":23,"column":4},"end":{"line":23,"column":null}},"18":{"start":{"line":23,"column":14},"end":{"line":23,"column":null}},"19":{"start":{"line":25,"column":4},"end":{"line":25,"column":null}},"20":{"start":{"line":28,"column":16},"end":{"line":35,"column":null}},"21":{"start":{"line":37,"column":19},"end":{"line":42,"column":null}},"22":{"start":{"line":38,"column":4},"end":{"line":40,"column":null}},"23":{"start":{"line":39,"column":6},"end":{"line":39,"column":null}},"24":{"start":{"line":41,"column":4},"end":{"line":41,"column":null}},"25":{"start":{"line":48,"column":30},"end":{"line":48,"column":null}},"26":{"start":{"line":49,"column":23},"end":{"line":49,"column":78}},"27":{"start":{"line":51,"column":10},"end":{"line":53,"column":null}}},"fnMap":{"0":{"name":"NavegacaoPrincipal","decl":{"start":{"line":6,"column":16},"end":{"line":6,"column":null}},"loc":{"start":{"line":6,"column":16},"end":{"line":68,"column":null}}},"1":{"name":"(anonymous_3)","decl":{"start":{"line":12,"column":31},"end":{"line":12,"column":32}},"loc":{"start":{"line":12,"column":32},"end":{"line":26,"column":null}}},"2":{"name":"(anonymous_4)","decl":{"start":{"line":37,"column":19},"end":{"line":37,"column":20}},"loc":{"start":{"line":37,"column":34},"end":{"line":42,"column":null}}},"3":{"name":"(anonymous_5)","decl":{"start":{"line":47,"column":19},"end":{"line":47,"column":20}},"loc":{"start":{"line":47,"column":20},"end":{"line":64,"column":null}}}},"branchMap":{"0":{"loc":{"start":{"line":20,"column":4},"end":{"line":20,"column":null}},"type":"if","locations":[{"start":{"line":20,"column":4},"end":{"line":20,"column":null}},{"start":{},"end":{}}]},"1":{"loc":{"start":{"line":21,"column":4},"end":{"line":21,"column":null}},"type":"if","locations":[{"start":{"line":21,"column":4},"end":{"line":21,"column":null}},{"start":{},"end":{}}]},"2":{"loc":{"start":{"line":22,"column":4},"end":{"line":22,"column":null}},"type":"if","locations":[{"start":{"line":22,"column":4},"end":{"line":22,"column":null}},{"start":{},"end":{}}]},"3":{"loc":{"start":{"line":23,"column":4},"end":{"line":23,"column":null}},"type":"if","locations":[{"start":{"line":23,"column":4},"end":{"line":23,"column":null}},{"start":{},"end":{}}]},"4":{"loc":{"start":{"line":38,"column":4},"end":{"line":40,"column":null}},"type":"if","locations":[{"start":{"line":38,"column":4},"end":{"line":40,"column":null}},{"start":{},"end":{}}]},"5":{"loc":{"start":{"line":49,"column":23},"end":{"line":49,"column":78}},"type":"cond-expr","locations":[{"start":{"line":49,"column":37},"end":{"line":49,"column":66}},{"start":{"line":49,"column":69},"end":{"line":49,"column":78}}]},"6":{"loc":{"start":{"line":56,"column":16},"end":{"line":58,"column":null}},"type":"cond-expr","locations":[{"start":{"line":57,"column":20},"end":{"line":57,"column":null}},{"start":{"line":58,"column":20},"end":{"line":58,"column":null}}]}},"s":{"0":11,"1":1,"2":1,"3":11,"4":11,"5":11,"6":66,"7":66,"8":66,"9":66,"10":66,"11":66,"12":12,"13":66,"14":12,"15":66,"16":12,"17":66,"18":12,"19":66,"20":11,"21":11,"22":66,"23":11,"24":55,"25":66,"26":66,"27":66},"f":{"0":11,"1":66,"2":66,"3":66},"b":{"0":[12,54],"1":[12,54],"2":[12,54],"3":[12,54],"4":[11,55],"5":[24,42],"6":[11,55]}}
,"/home/vitor/Documents/financas-front/src/components/SeletorTags.tsx": {"path":"/home/vitor/Documents/financas-front/src/components/SeletorTags.tsx","statementMap":{"0":{"start":{"line":11,"column":24},"end":{"line":11,"column":36}},"1":{"start":{"line":2,"column":33},"end":{"line":2,"column":null}},"2":{"start":{"line":3,"column":33},"end":{"line":3,"column":null}},"3":{"start":{"line":16,"column":26},"end":{"line":17,"column":null}},"4":{"start":{"line":17,"column":13},"end":{"line":17,"column":null}},"5":{"start":{"line":17,"column":37},"end":{"line":17,"column":52}},"6":{"start":{"line":32,"column":12},"end":{"line":33,"column":null}},"7":{"start":{"line":36,"column":16},"end":{"line":36,"column":null}}},"fnMap":{"0":{"name":"SeletorTags","decl":{"start":{"line":11,"column":24},"end":{"line":11,"column":36}},"loc":{"start":{"line":15,"column":19},"end":{"line":64,"column":null}}},"1":{"name":"(anonymous_3)","decl":{"start":{"line":17,"column":4},"end":{"line":17,"column":5}},"loc":{"start":{"line":17,"column":13},"end":{"line":17,"column":null}}},"2":{"name":"(anonymous_4)","decl":{"start":{"line":17,"column":30},"end":{"line":17,"column":31}},"loc":{"start":{"line":17,"column":37},"end":{"line":17,"column":52}}},"3":{"name":"(anonymous_5)","decl":{"start":{"line":31,"column":25},"end":{"line":31,"column":26}},"loc":{"start":{"line":32,"column":12},"end":{"line":33,"column":null}}},"4":{"name":"(anonymous_6)","decl":{"start":{"line":34,"column":22},"end":{"line":34,"column":null}},"loc":{"start":{"line":34,"column":22},"end":{"line":37,"column":null}}}},"branchMap":{"0":{"loc":{"start":{"line":28,"column":9},"end":{"line":33,"column":null}},"type":"cond-expr","locations":[{"start":{"line":29,"column":10},"end":{"line":31,"column":21}},{"start":{"line":31,"column":10},"end":{"line":33,"column":null}}]},"1":{"loc":{"start":{"line":39,"column":40},"end":{"line":39,"column":61}},"type":"binary-expr","locations":[{"start":{"line":39,"column":40},"end":{"line":39,"column":47}},{"start":{"line":39,"column":51},"end":{"line":39,"column":61}}]},"2":{"loc":{"start":{"line":56,"column":7},"end":{"line":56,"column":null}},"type":"binary-expr","locations":[{"start":{"line":56,"column":7},"end":{"line":56,"column":null}}]}},"s":{"0":9,"1":1,"2":1,"3":9,"4":37,"5":46,"6":14,"7":0},"f":{"0":9,"1":37,"2":46,"3":14,"4":0},"b":{"0":[2,7],"1":[14,1],"2":[9]}}
}
