TN:
SF:src/components/BotaoAplicarTodasRegras.tsx
FN:8,BotaoAplicarTodasRegras
FN:12,(anonymous_2)
FN:13,(anonymous_3)
FN:27,(anonymous_4)
FN:38,(anonymous_5)
FNF:5
FNH:5
FNDA:29,BotaoAplicarTodasRegras
FNDA:4,(anonymous_2)
FNDA:4,(anonymous_3)
FNDA:7,(anonymous_4)
FNDA:1,(anonymous_5)
DA:3,1
DA:4,1
DA:5,1
DA:6,1
DA:8,10
DA:9,29
DA:10,29
DA:12,29
DA:13,4
DA:14,4
DA:15,4
DA:16,3
DA:17,3
DA:19,1
DA:27,7
DA:38,1
LF:16
LH:16
BRDA:33,0,0,29
BRF:1
BRH:1
end_of_record
TN:
SF:src/components/BotaoVoltar.tsx
FN:11,BotaoVoltar
FNF:1
FNH:1
FNDA:9,BotaoVoltar
DA:3,1
DA:4,1
DA:11,9
DA:15,9
DA:18,9
DA:21,9
DA:22,9
DA:23,2
DA:25,9
DA:26,1
DA:28,9
DA:29,1
DA:33,9
DA:35,9
DA:36,1
DA:37,8
DA:39,1
DA:40,1
DA:44,9
DA:45,9
DA:46,2
LF:21
LH:21
BRDA:12,0,0,7
BRDA:13,1,0,8
BRDA:18,2,0,9
BRDA:18,2,1,7
BRDA:22,3,0,2
BRDA:22,3,1,7
BRDA:25,4,0,1
BRDA:25,4,1,8
BRDA:28,5,0,1
BRDA:28,5,1,8
BRDA:35,6,0,1
BRDA:35,6,1,8
BRDA:37,7,0,1
BRDA:37,7,1,7
BRDA:45,8,0,2
BRDA:45,8,1,7
BRF:16
BRH:16
end_of_record
TN:
SF:src/components/BotoesAcaoTransacao.tsx
FN:18,BotoesAcaoTransacao
FN:25,(anonymous_3)
FN:26,(anonymous_4)
FN:60,(anonymous_5)
FN:63,(anonymous_6)
FN:76,(anonymous_7)
FN:80,(anonymous_8)
FN:114,(anonymous_9)
FN:115,(anonymous_10)
FN:127,(anonymous_11)
FN:131,(anonymous_12)
FN:167,(anonymous_13)
FN:168,(anonymous_14)
FN:185,(anonymous_15)
FN:192,(anonymous_16)
FN:199,(anonymous_17)
FN:211,(anonymous_18)
FN:220,(anonymous_19)
FN:232,(anonymous_20)
FN:249,(anonymous_21)
FNF:20
FNH:16
FNDA:101,BotoesAcaoTransacao
FNDA:6,(anonymous_3)
FNDA:6,(anonymous_4)
FNDA:2,(anonymous_5)
FNDA:2,(anonymous_6)
FNDA:3,(anonymous_7)
FNDA:3,(anonymous_8)
FNDA:2,(anonymous_9)
FNDA:2,(anonymous_10)
FNDA:3,(anonymous_11)
FNDA:3,(anonymous_12)
FNDA:2,(anonymous_13)
FNDA:2,(anonymous_14)
FNDA:8,(anonymous_15)
FNDA:7,(anonymous_16)
FNDA:6,(anonymous_17)
FNDA:0,(anonymous_18)
FNDA:0,(anonymous_19)
FNDA:0,(anonymous_20)
FNDA:0,(anonymous_21)
DA:3,2
DA:4,2
DA:5,2
DA:6,2
DA:7,2
DA:8,2
DA:9,2
DA:10,2
DA:11,2
DA:18,32
DA:19,101
DA:20,101
DA:21,101
DA:22,101
DA:23,101
DA:25,101
DA:26,6
DA:27,6
DA:28,6
DA:31,5
DA:32,4
DA:36,4
DA:44,4
DA:45,4
DA:48,4
DA:50,1
DA:51,1
DA:54,1
DA:55,1
DA:60,101
DA:61,2
DA:63,2
DA:64,2
DA:65,2
DA:66,1
DA:67,1
DA:69,1
DA:70,1
DA:71,1
DA:76,101
DA:80,3
DA:81,3
DA:82,3
DA:85,2
DA:86,1
DA:90,1
DA:98,1
DA:99,1
DA:102,1
DA:104,1
DA:105,1
DA:108,1
DA:109,1
DA:114,101
DA:115,2
DA:116,2
DA:117,2
DA:118,1
DA:119,1
DA:121,1
DA:122,1
DA:127,101
DA:131,3
DA:132,3
DA:134,3
DA:135,4
DA:139,2
DA:140,1
DA:144,1
DA:153,1
DA:154,1
DA:155,1
DA:157,1
DA:158,1
DA:161,1
DA:162,1
DA:167,101
DA:168,2
DA:169,2
DA:170,2
DA:171,1
DA:173,1
DA:174,1
DA:185,8
DA:192,7
DA:199,6
DA:211,0
DA:220,0
DA:232,0
DA:249,0
LF:90
LH:86
BRDA:31,0,0,4
BRDA:31,0,1,1
BRDA:32,1,0,0
BRDA:32,1,1,4
BRDA:33,2,0,0
BRDA:33,2,1,0
BRDA:61,3,0,0
BRDA:61,3,1,2
BRDA:85,4,0,1
BRDA:85,4,1,1
BRDA:86,5,0,1
BRDA:86,5,1,0
BRDA:87,6,0,1
BRDA:87,6,1,0
BRDA:139,7,0,1
BRDA:139,7,1,1
BRDA:140,8,0,0
BRDA:140,8,1,1
BRDA:141,9,0,0
BRDA:141,9,1,0
BRDA:212,10,0,101
BRDA:212,10,1,1
BRDA:226,11,0,80
BRDA:226,11,1,21
BRDA:234,12,0,101
BRDA:234,12,1,1
BRDA:244,13,0,101
BRF:27
BRH:18
end_of_record
TN:
SF:src/components/CategoriaItem.tsx
FN:10,CategoriaItem
FN:11,(anonymous_2)
FNF:2
FNH:2
FNDA:10,CategoriaItem
FNDA:10,(anonymous_2)
DA:10,10
DA:11,10
DA:12,10
LF:3
LH:3
BRDA:22,0,0,10
BRDA:32,1,0,3
BRDA:32,1,1,7
BRDA:36,2,0,3
BRDA:36,2,1,7
BRF:5
BRH:5
end_of_record
TN:
SF:src/components/ConfigLoader.tsx
FN:15,ConfigLoader
FN:20,(anonymous_2)
FNF:2
FNH:2
FNDA:9,ConfigLoader
FNDA:9,(anonymous_2)
DA:3,1
DA:4,1
DA:15,9
DA:16,9
DA:17,9
DA:18,9
DA:20,9
DA:21,9
DA:22,9
DA:25,9
DA:26,8
DA:27,8
DA:31,9
DA:32,8
DA:33,8
DA:37,9
DA:38,8
DA:39,8
DA:43,9
LF:19
LH:19
BRDA:25,0,0,8
BRDA:25,0,1,1
BRDA:31,1,0,8
BRDA:31,1,1,1
BRDA:37,2,0,8
BRDA:37,2,1,1
BRDA:38,3,0,8
BRDA:38,3,1,0
BRF:8
BRH:7
end_of_record
TN:
SF:src/components/DropdownAdicionarTag.tsx
FN:13,DropdownAdicionarTag
FN:20,handleAdicionarTag
FN:21,(anonymous_3)
FN:36,(anonymous_4)
FN:46,(anonymous_5)
FN:50,(anonymous_6)
FNF:6
FNH:6
FNDA:24,DropdownAdicionarTag
FNDA:3,handleAdicionarTag
FNDA:3,(anonymous_3)
FNDA:8,(anonymous_4)
FNDA:36,(anonymous_5)
FNDA:3,(anonymous_6)
DA:3,1
DA:4,1
DA:6,1
DA:13,9
DA:17,24
DA:18,24
DA:21,3
DA:22,3
DA:23,3
DA:24,1
DA:26,1
DA:27,1
DA:36,8
DA:47,36
DA:50,3
LF:15
LH:15
BRDA:43,0,0,24
BRDA:56,1,0,36
BRDA:56,1,1,0
BRF:3
BRH:2
end_of_record
TN:
SF:src/components/FiltroTags.tsx
FN:8,FiltroTags
FN:14,(anonymous_2)
FN:20,(anonymous_3)
FN:20,(anonymous_4)
FN:25,carregarTags
FN:34,toggleTag
FN:36,(anonymous_7)
FN:43,limparFiltro
FN:48,aplicarFiltro
FN:78,(anonymous_10)
FN:83,(anonymous_11)
FNF:11
FNH:11
FNDA:40,FiltroTags
FNDA:14,(anonymous_2)
FNDA:10,(anonymous_3)
FNDA:10,(anonymous_4)
FNDA:14,carregarTags
FNDA:5,toggleTag
FNDA:2,(anonymous_7)
FNDA:1,limparFiltro
FNDA:6,aplicarFiltro
FNDA:57,(anonymous_10)
FNDA:5,(anonymous_11)
DA:3,1
DA:4,1
DA:5,1
DA:8,14
DA:9,40
DA:10,40
DA:11,40
DA:12,40
DA:14,40
DA:15,14
DA:18,14
DA:19,14
DA:20,10
DA:21,6
DA:26,14
DA:27,14
DA:28,14
DA:30,0
DA:35,5
DA:36,2
DA:39,5
DA:40,5
DA:44,1
DA:45,1
DA:49,6
DA:51,6
DA:52,5
DA:54,1
DA:57,6
DA:60,40
DA:61,21
DA:79,57
DA:80,57
DA:83,5
LF:34
LH:33
BRDA:19,0,0,6
BRDA:19,0,1,8
BRDA:35,1,0,1
BRDA:35,1,1,4
BRDA:51,2,0,5
BRDA:51,2,1,1
BRDA:60,3,0,21
BRDA:60,3,1,19
BRDA:68,4,0,19
BRDA:85,5,0,16
BRDA:85,5,1,41
BRDA:90,6,0,16
BRDA:90,6,1,41
BRDA:91,7,0,16
BRDA:91,7,1,0
BRDA:100,8,0,19
BRDA:102,9,0,4
BRDA:102,9,1,7
BRDA:102,10,0,4
BRDA:102,10,1,7
BRF:20
BRH:19
end_of_record
TN:
SF:src/components/FiltrosPeriodo.tsx
FN:6,FiltrosPeriodo
FN:19,(anonymous_2)
FN:36,(anonymous_3)
FNF:3
FNH:3
FNDA:9,FiltrosPeriodo
FNDA:2,(anonymous_2)
FNDA:2,(anonymous_3)
DA:3,1
DA:4,1
DA:6,9
DA:7,9
DA:8,9
DA:11,9
DA:13,9
DA:14,9
DA:16,9
DA:17,9
DA:19,9
DA:20,2
DA:21,2
DA:22,2
DA:36,2
LF:15
LH:15
BRDA:11,0,0,9
BRDA:11,0,1,6
BRDA:13,1,0,9
BRDA:13,1,1,6
BRDA:14,2,0,9
BRDA:14,2,1,7
BRDA:53,3,0,8
BRDA:53,3,1,1
BRF:8
BRH:8
end_of_record
TN:
SF:src/components/FormularioConfiguracoes.tsx
FN:14,FormularioConfiguracoes
FN:23,handleSalvarDia
FN:28,(anonymous_3)
FN:40,handleSalvarCriterio
FN:45,(anonymous_5)
FN:58,(anonymous_6)
FN:83,(anonymous_7)
FNF:7
FNH:7
FNDA:29,FormularioConfiguracoes
FNDA:3,handleSalvarDia
FNDA:3,(anonymous_3)
FNDA:3,handleSalvarCriterio
FNDA:3,(anonymous_5)
FNDA:812,(anonymous_6)
FNDA:812,(anonymous_7)
DA:3,1
DA:4,1
DA:5,1
DA:6,1
DA:7,1
DA:14,13
DA:18,29
DA:19,29
DA:20,29
DA:21,29
DA:24,3
DA:25,3
DA:26,3
DA:28,3
DA:29,3
DA:30,3
DA:31,2
DA:32,2
DA:34,1
DA:35,1
DA:41,3
DA:42,3
DA:43,3
DA:45,3
DA:46,3
DA:47,3
DA:48,2
DA:49,2
DA:51,1
DA:52,1
DA:58,812
DA:84,812
LF:32
LH:32
BRDA:35,0,0,1
BRDA:35,0,1,0
BRDA:52,1,0,1
BRDA:52,1,1,0
BRDA:96,2,0,6
BRDA:96,2,1,23
BRDA:148,3,0,6
BRDA:148,3,1,23
BRF:8
BRH:6
end_of_record
TN:
SF:src/components/FormularioNovaTag.tsx
FN:7,FormularioNovaTag
FN:11,handleSubmit
FN:17,(anonymous_3)
FN:33,(anonymous_4)
FNF:4
FNH:4
FNDA:23,FormularioNovaTag
FNDA:2,handleSubmit
FNDA:2,(anonymous_3)
FNDA:9,(anonymous_4)
DA:3,1
DA:4,1
DA:5,1
DA:7,10
DA:8,23
DA:9,23
DA:12,2
DA:14,2
DA:15,2
DA:17,2
DA:18,2
DA:19,2
DA:20,0
DA:21,0
DA:23,2
DA:24,2
DA:33,9
LF:17
LH:15
BRDA:37,0,0,12
BRDA:37,0,1,11
BRDA:41,1,0,23
BRDA:93,2,0,2
BRDA:93,2,1,10
BRF:5
BRH:5
end_of_record
TN:
SF:src/components/ListaRegras.tsx
FN:18,ListaRegras
FN:25,(anonymous_2)
FN:26,(anonymous_3)
FN:35,(anonymous_4)
FN:36,(anonymous_5)
FN:47,(anonymous_6)
FN:48,(anonymous_7)
FN:60,(anonymous_8)
FN:67,(anonymous_9)
FN:78,(anonymous_10)
FN:91,(anonymous_11)
FN:112,(anonymous_12)
FN:156,(anonymous_13)
FN:161,(anonymous_14)
FN:168,(anonymous_15)
FN:182,(anonymous_16)
FN:199,(anonymous_17)
FN:210,(anonymous_18)
FN:217,(anonymous_19)
FN:234,(anonymous_20)
FN:235,(anonymous_21)
FN:246,(anonymous_22)
FN:247,(anonymous_23)
FNF:23
FNH:21
FNDA:53,ListaRegras
FNDA:1,(anonymous_2)
FNDA:1,(anonymous_3)
FNDA:1,(anonymous_4)
FNDA:1,(anonymous_5)
FNDA:3,(anonymous_6)
FNDA:3,(anonymous_7)
FNDA:2,(anonymous_8)
FNDA:1,(anonymous_9)
FNDA:55,(anonymous_10)
FNDA:55,(anonymous_11)
FNDA:55,(anonymous_12)
FNDA:2,(anonymous_13)
FNDA:2,(anonymous_14)
FNDA:1,(anonymous_15)
FNDA:4,(anonymous_16)
FNDA:1,(anonymous_17)
FNDA:4,(anonymous_18)
FNDA:2,(anonymous_19)
FNDA:1,(anonymous_20)
FNDA:0,(anonymous_21)
FNDA:3,(anonymous_22)
FNDA:0,(anonymous_23)
DA:3,1
DA:4,1
DA:5,1
DA:11,1
DA:12,1
DA:18,23
DA:19,53
DA:20,53
DA:21,53
DA:22,53
DA:23,53
DA:25,53
DA:26,1
DA:27,1
DA:28,1
DA:30,0
DA:35,53
DA:36,1
DA:37,1
DA:38,1
DA:39,1
DA:41,0
DA:42,0
DA:47,53
DA:48,3
DA:49,3
DA:50,3
DA:51,2
DA:52,2
DA:54,1
DA:55,1
DA:60,53
DA:61,2
DA:62,2
DA:63,1
DA:64,1
DA:67,1
DA:68,1
DA:69,1
DA:70,1
DA:71,1
DA:73,0
DA:78,53
DA:79,55
DA:81,0
DA:83,49
DA:85,6
DA:87,0
DA:91,53
DA:92,55
DA:94,48
DA:96,6
DA:97,6
DA:98,6
DA:100,0
DA:103,1
DA:105,0
DA:113,55
DA:156,2
DA:161,2
DA:169,1
DA:170,1
DA:183,4
DA:184,4
DA:199,1
DA:210,4
DA:217,2
DA:234,1
DA:235,0
DA:246,3
DA:247,0
LF:71
LH:61
BRDA:62,0,0,1
BRDA:62,0,1,1
BRDA:62,1,0,2
BRDA:62,1,1,2
BRDA:79,2,0,0
BRDA:79,2,1,49
BRDA:79,2,2,6
BRDA:79,2,3,0
BRDA:92,3,0,48
BRDA:92,3,1,6
BRDA:92,3,2,1
BRDA:92,3,3,0
BRDA:116,4,0,49
BRDA:116,4,1,6
BRDA:126,5,0,49
BRDA:126,5,1,6
BRDA:131,6,0,49
BRDA:131,6,1,6
BRDA:151,7,0,8
BRDA:201,8,0,49
BRDA:201,8,1,6
BRDA:207,9,0,49
BRDA:207,9,1,6
BRDA:230,10,0,53
BRDA:242,11,0,53
BRF:25
BRH:22
end_of_record
TN:
SF:src/components/ListaTags.tsx
FN:13,ListaTags
FN:17,handleDelete
FN:20,(anonymous_3)
FN:41,(anonymous_4)
FN:59,(anonymous_5)
FN:76,(anonymous_6)
FNF:6
FNH:6
FNDA:20,ListaTags
FNDA:1,handleDelete
FNDA:1,(anonymous_3)
FNDA:57,(anonymous_4)
FNDA:5,(anonymous_5)
FNDA:1,(anonymous_6)
DA:3,1
DA:4,1
DA:5,1
DA:7,1
DA:13,11
DA:14,20
DA:15,20
DA:18,1
DA:20,1
DA:21,1
DA:22,1
DA:23,1
DA:25,0
DA:26,0
DA:27,0
DA:42,57
DA:59,5
DA:76,1
LF:18
LH:15
BRDA:18,0,0,0
BRDA:18,0,1,1
BRDA:36,1,0,1
BRDA:49,2,0,57
BRDA:49,2,1,0
BRDA:53,3,0,57
BRDA:71,4,0,20
BRF:7
BRH:5
end_of_record
TN:
SF:src/components/ModalConfirmacao.tsx
FN:14,ModalConfirmacao
FN:24,(anonymous_2)
FNF:2
FNH:2
FNDA:58,ModalConfirmacao
FNDA:17,(anonymous_2)
DA:14,58
DA:24,58
DA:25,17
DA:26,1
DA:30,58
DA:51,58
LF:6
LH:6
BRDA:19,0,0,11
BRDA:20,1,0,47
BRDA:21,2,0,10
BRDA:22,3,0,48
BRDA:25,4,0,1
BRDA:25,4,1,16
BRDA:25,5,0,17
BRDA:25,5,1,2
BRDA:83,6,0,13
BRDA:83,6,1,45
BRF:10
BRH:10
end_of_record
TN:
SF:src/components/ModalEditarCategoria.tsx
FN:17,ModalEditarCategoria
FN:34,(anonymous_2)
FN:46,(anonymous_3)
FN:58,(anonymous_4)
FN:62,(anonymous_5)
FN:79,(anonymous_6)
FN:106,(anonymous_7)
FN:118,(anonymous_8)
FN:144,(anonymous_9)
FN:148,(anonymous_10)
FN:176,(anonymous_11)
FN:211,(anonymous_12)
FN:215,(anonymous_13)
FN:236,(anonymous_14)
FN:254,(anonymous_15)
FN:267,(anonymous_16)
FN:294,(anonymous_17)
FNF:17
FNH:9
FNDA:46,ModalEditarCategoria
FNDA:28,(anonymous_2)
FNDA:12,(anonymous_3)
FNDA:0,(anonymous_4)
FNDA:2,(anonymous_5)
FNDA:6,(anonymous_6)
FNDA:0,(anonymous_7)
FNDA:0,(anonymous_8)
FNDA:32,(anonymous_9)
FNDA:0,(anonymous_10)
FNDA:0,(anonymous_11)
FNDA:112,(anonymous_12)
FNDA:2,(anonymous_13)
FNDA:1,(anonymous_14)
FNDA:0,(anonymous_15)
FNDA:0,(anonymous_16)
FNDA:0,(anonymous_17)
DA:3,2
DA:4,2
DA:5,2
DA:6,2
DA:17,30
DA:25,46
DA:26,46
DA:27,46
DA:28,46
DA:29,46
DA:30,46
DA:31,46
DA:32,46
DA:34,46
DA:35,28
DA:36,12
DA:37,12
DA:38,12
DA:39,12
DA:40,12
DA:41,12
DA:42,12
DA:46,46
DA:47,12
DA:48,12
DA:49,12
DA:50,10
DA:52,0
DA:54,10
DA:58,46
DA:59,0
DA:62,46
DA:63,2
DA:64,2
DA:65,0
DA:66,0
DA:68,2
DA:69,0
DA:70,0
DA:73,2
DA:76,2
DA:79,46
DA:80,6
DA:81,0
DA:85,46
DA:106,0
DA:118,0
DA:145,32
DA:148,0
DA:176,0
DA:212,112
DA:216,2
DA:217,2
DA:236,1
DA:254,0
DA:267,0
DA:294,0
LF:57
LH:43
BRDA:35,0,0,12
BRDA:35,0,1,16
BRDA:64,1,0,0
BRDA:64,1,1,2
BRDA:68,2,0,0
BRDA:68,2,1,2
BRDA:68,3,0,2
BRDA:68,3,1,0
BRDA:73,4,0,0
BRDA:73,4,1,2
BRDA:74,5,0,0
BRDA:74,5,1,0
BRDA:80,6,0,0
BRDA:80,6,1,6
BRDA:80,7,0,6
BRDA:80,7,1,0
BRDA:85,8,0,18
BRDA:85,8,1,28
BRDA:96,9,0,28
BRDA:96,9,1,2
BRDA:108,10,0,22
BRDA:108,10,1,6
BRDA:120,11,0,6
BRDA:120,11,1,22
BRDA:131,12,0,28
BRDA:137,13,0,14
BRDA:139,14,0,0
BRDA:150,15,0,7
BRDA:150,15,1,25
BRDA:157,16,0,32
BRDA:168,17,0,28
BRDA:186,18,0,28
BRDA:186,18,1,26
BRDA:196,19,0,28
BRDA:196,19,1,22
BRDA:245,20,0,28
BRDA:277,21,0,3
BRDA:286,22,0,3
BRDA:327,23,0,28
BRDA:327,23,1,26
BRDA:327,23,2,24
BRDA:329,24,0,2
BRDA:329,24,1,26
BRDA:329,25,0,3
BRDA:329,25,1,23
BRF:45
BRH:36
end_of_record
TN:
SF:src/components/ModalEditarTags.tsx
FN:23,ModalEditarTags
FN:44,(anonymous_2)
FN:44,(anonymous_3)
FN:47,(anonymous_4)
FN:48,(anonymous_5)
FN:50,(anonymous_6)
FN:55,(anonymous_7)
FN:57,(anonymous_8)
FN:57,(anonymous_9)
FN:73,(anonymous_10)
FN:103,(anonymous_11)
FN:133,(anonymous_12)
FN:142,(anonymous_13)
FN:164,(anonymous_14)
FN:168,(anonymous_15)
FN:197,(anonymous_16)
FN:198,(anonymous_17)
FN:219,(anonymous_18)
FN:237,(anonymous_19)
FN:250,(anonymous_20)
FN:279,(anonymous_21)
FNF:21
FNH:12
FNDA:35,ModalEditarTags
FNDA:63,(anonymous_2)
FNDA:113,(anonymous_3)
FNDA:3,(anonymous_4)
FNDA:3,(anonymous_5)
FNDA:1,(anonymous_6)
FNDA:0,(anonymous_7)
FNDA:0,(anonymous_8)
FNDA:0,(anonymous_9)
FNDA:0,(anonymous_10)
FNDA:4,(anonymous_11)
FNDA:34,(anonymous_12)
FNDA:0,(anonymous_13)
FNDA:29,(anonymous_14)
FNDA:3,(anonymous_15)
FNDA:2,(anonymous_16)
FNDA:6,(anonymous_17)
FNDA:0,(anonymous_18)
FNDA:0,(anonymous_19)
FNDA:0,(anonymous_20)
FNDA:0,(anonymous_21)
DA:3,2
DA:4,2
DA:5,2
DA:23,32
DA:35,35
DA:36,35
DA:37,35
DA:38,35
DA:39,35
DA:41,35
DA:43,16
DA:44,113
DA:47,16
DA:48,3
DA:49,3
DA:50,1
DA:55,16
DA:56,0
DA:57,0
DA:61,0
DA:62,0
DA:63,0
DA:64,0
DA:65,0
DA:66,0
DA:67,0
DA:70,0
DA:73,16
DA:74,0
DA:76,0
DA:77,0
DA:78,0
DA:81,0
DA:82,0
DA:83,0
DA:86,0
DA:95,0
DA:98,0
DA:99,0
DA:100,0
DA:103,16
DA:104,4
DA:105,0
DA:134,34
DA:142,0
DA:165,29
DA:168,3
DA:198,6
DA:199,2
DA:219,0
DA:237,0
DA:251,0
DA:279,0
LF:53
LH:25
BRDA:41,0,0,19
BRDA:41,0,1,16
BRDA:49,1,0,1
BRDA:49,1,1,2
BRDA:62,2,0,0
BRDA:62,2,1,0
BRDA:64,3,0,0
BRDA:64,3,1,0
BRDA:66,4,0,0
BRDA:66,4,1,0
BRDA:66,5,0,0
BRDA:66,5,1,0
BRDA:76,6,0,0
BRDA:76,6,1,0
BRDA:81,7,0,0
BRDA:81,7,1,0
BRDA:81,8,0,0
BRDA:81,8,1,0
BRDA:86,9,0,0
BRDA:86,9,1,0
BRDA:89,10,0,0
BRDA:89,10,1,0
BRDA:104,11,0,0
BRDA:104,11,1,4
BRDA:104,12,0,4
BRDA:104,12,1,0
BRDA:130,13,0,0
BRDA:137,14,0,34
BRDA:137,14,1,0
BRDA:156,15,0,15
BRDA:170,16,0,2
BRDA:170,16,1,27
BRDA:178,17,0,29
BRDA:178,17,1,0
BRDA:183,18,0,29
BRDA:191,19,0,15
BRDA:199,20,0,2
BRDA:199,20,1,0
BRDA:203,21,0,2
BRDA:203,21,1,0
BRDA:228,22,0,15
BRDA:262,23,0,0
BRDA:271,24,0,0
BRDA:318,25,0,15
BRDA:318,25,1,14
BRDA:320,26,0,1
BRDA:320,26,1,14
BRDA:322,27,0,0
BRDA:322,27,1,14
BRF:49
BRH:21
end_of_record
TN:
SF:src/components/ModalEditarValor.tsx
FN:22,ModalEditarValor
FN:41,(anonymous_2)
FN:48,(anonymous_3)
FN:64,(anonymous_4)
FN:87,(anonymous_5)
FN:92,(anonymous_6)
FN:98,(anonymous_7)
FN:154,(anonymous_8)
FN:173,(anonymous_9)
FN:184,(anonymous_10)
FN:195,(anonymous_11)
FN:236,(anonymous_12)
FN:254,(anonymous_13)
FN:267,(anonymous_14)
FN:294,(anonymous_15)
FNF:15
FNH:7
FNDA:36,ModalEditarValor
FNDA:1,(anonymous_2)
FNDA:0,(anonymous_3)
FNDA:2,(anonymous_4)
FNDA:0,(anonymous_5)
FNDA:3,(anonymous_6)
FNDA:90,(anonymous_7)
FNDA:2,(anonymous_8)
FNDA:0,(anonymous_9)
FNDA:1,(anonymous_10)
FNDA:0,(anonymous_11)
FNDA:0,(anonymous_12)
FNDA:0,(anonymous_13)
FNDA:0,(anonymous_14)
FNDA:0,(anonymous_15)
DA:3,2
DA:4,2
DA:5,2
DA:22,33
DA:33,36
DA:34,36
DA:35,36
DA:36,36
DA:37,36
DA:39,36
DA:41,17
DA:43,1
DA:44,1
DA:45,1
DA:48,17
DA:49,0
DA:50,0
DA:52,0
DA:53,0
DA:54,0
DA:55,0
DA:56,0
DA:57,0
DA:58,0
DA:61,0
DA:64,17
DA:65,2
DA:67,2
DA:68,0
DA:69,0
DA:72,2
DA:73,2
DA:75,2
DA:84,2
DA:87,17
DA:88,0
DA:89,0
DA:92,17
DA:93,3
DA:94,0
DA:98,17
DA:99,90
DA:105,17
DA:106,17
DA:154,2
DA:173,0
DA:184,1
DA:195,0
DA:236,0
DA:254,0
DA:267,0
DA:294,0
LF:52
LH:31
BRDA:39,0,0,19
BRDA:39,0,1,17
BRDA:43,1,0,1
BRDA:43,1,1,1
BRDA:49,2,0,0
BRDA:49,2,1,0
BRDA:53,3,0,0
BRDA:53,3,1,0
BRDA:55,4,0,0
BRDA:55,4,1,0
BRDA:57,5,0,0
BRDA:57,5,1,0
BRDA:57,6,0,0
BRDA:57,6,1,0
BRDA:67,7,0,0
BRDA:67,7,1,2
BRDA:67,8,0,2
BRDA:67,8,1,0
BRDA:72,9,0,2
BRDA:72,9,1,2
BRDA:75,10,0,0
BRDA:75,10,1,2
BRDA:78,11,0,0
BRDA:78,11,1,0
BRDA:88,12,0,0
BRDA:88,12,1,0
BRDA:93,13,0,0
BRDA:93,13,1,3
BRDA:93,14,0,3
BRDA:93,14,1,0
BRDA:105,15,0,17
BRDA:105,15,1,15
BRDA:106,16,0,17
BRDA:106,16,1,2
BRDA:120,17,0,17
BRDA:120,17,1,2
BRDA:125,18,0,2
BRDA:154,19,0,2
BRDA:154,19,1,0
BRDA:206,20,0,2
BRDA:206,20,1,15
BRDA:211,21,0,17
BRDA:218,22,0,2
BRDA:218,22,1,1
BRDA:221,23,0,2
BRDA:221,23,1,1
BRDA:225,24,0,0
BRDA:225,24,1,3
BRDA:245,25,0,17
BRDA:277,26,0,0
BRDA:286,27,0,0
BRDA:329,28,0,17
BRDA:329,28,1,16
BRDA:331,29,0,1
BRDA:331,29,1,16
BRDA:331,30,0,0
BRDA:331,30,1,16
BRF:57
BRH:33
end_of_record
TN:
SF:src/components/NavegacaoPrincipal.tsx
FN:6,NavegacaoPrincipal
FN:12,(anonymous_3)
FN:37,(anonymous_4)
FN:47,(anonymous_5)
FNF:4
FNH:4
FNDA:11,NavegacaoPrincipal
FNDA:66,(anonymous_3)
FNDA:66,(anonymous_4)
FNDA:66,(anonymous_5)
DA:3,1
DA:4,1
DA:6,11
DA:7,11
DA:8,11
DA:12,11
DA:14,66
DA:15,66
DA:16,66
DA:17,66
DA:18,66
DA:20,66
DA:21,66
DA:22,66
DA:23,66
DA:25,66
DA:28,11
DA:37,11
DA:38,66
DA:39,11
DA:41,55
DA:48,66
DA:49,66
DA:51,66
LF:24
LH:24
BRDA:20,0,0,12
BRDA:20,0,1,54
BRDA:21,1,0,12
BRDA:21,1,1,54
BRDA:22,2,0,12
BRDA:22,2,1,54
BRDA:23,3,0,12
BRDA:23,3,1,54
BRDA:38,4,0,11
BRDA:38,4,1,55
BRDA:49,5,0,24
BRDA:49,5,1,42
BRDA:56,6,0,11
BRDA:56,6,1,55
BRF:14
BRH:14
end_of_record
TN:
SF:src/components/SeletorTags.tsx
FN:11,SeletorTags
FN:17,(anonymous_3)
FN:17,(anonymous_4)
FN:31,(anonymous_5)
FN:34,(anonymous_6)
FNF:5
FNH:4
FNDA:9,SeletorTags
FNDA:37,(anonymous_3)
FNDA:46,(anonymous_4)
FNDA:14,(anonymous_5)
FNDA:0,(anonymous_6)
DA:2,1
DA:3,1
DA:11,9
DA:16,9
DA:17,46
DA:32,14
DA:36,0
LF:7
LH:6
BRDA:28,0,0,2
BRDA:28,0,1,7
BRDA:39,1,0,14
BRDA:39,1,1,1
BRDA:56,2,0,9
BRF:5
BRH:5
end_of_record
